0 89477120
1 67108864
2 44740608
3 33554432
4 89477120
5 null
6 67108864
7 33554432
8 89477120
9 67108864
10 67108864
11 33554432
12 67108864
13 22370304
14 44740608
15 133693440
16 44744192
17 null
18 100663296
19 89477120
20 67108864
21 44744192
22 44740608
23 67108864
24 null
25 111847424
26 89473536
27 33554432
28 33554432
29 100663296
30 44740608
31 57521888
32 67108864
33 100663296
34 67108864
35 67108864
36 null
37 null
38 89477120
39 67108864
40 44740608
41 33554432
42 67108864
43 100663296
44 78295040
45 44740608
46 100663296
47 44744192
48 89477120
49 80551632


