0 1048320
1 524544
2 786432
3 786432
4 370464
5 524544
6 1047680
7 393216
8 655104
9 786432
10 1179648
11 627396
12 393216
13 1179648
14 786432
15 1048320
16 525184
17 524544
18 524160
19 786432
20 1376256
21 524544
22 1048704
23 393216
24 1048320
25 655488
26 786432
27 524544
28 527232
29 1048320
30 1179648
31 917376
32 786432
33 1548288
34 393216
35 786432
36 1045632
37 917760
38 1179648
39 1048320
40 1179648
41 1048320
42 393216
43 524544
44 262272
45 525184
46 1048320
47 786432
48 1045632
49 524544


