.iter	fit	chromosome	#Pop	#Sol
GEN: 10, Pop:30 MR: 100, COR: 10
before: G(p0|X!p0|!p2) random: 1 after: F(Xp0&!p0&p2)
.s1,00 -1.0 +1.0 .s1,00 -1.0 +1.0 .s1,00 -1.0 +1.0 .s0,71 -1.0 +1.0 .s0,81 -1.0 +1.0 .s0,92 -1.0 +1.0 
0	1,00	geneticalgorithm.SpecificationChromosome@1ad8df52	22	0
before: Xp0 random: 1 after: X!p0
before: F!p0 random: 1 after: Gp0
before: G(F!p0|F!p2) random: 1 after: F(F!p0&Gp2)
before: !p3 random: 0 after: false
before: !p1 random: 1 after: (!p0&!p1)
before: Xp1 random: 2 after: Fp1
before: p3 random: 0 after: true
before: G(p1|X!p1|!p3) random: 1 after: (GX!p1|G!p3|Gp1)
before: !p0 random: 0 after: false
before: (F!p0|F!p2) random: 1 after: (F!p0&F!p2)
.s0,90 -1.0 +1.0 .s0,92 -1.0 +1.0 .s1,00 -1.0 +1.0 .s1,00 -1.0 +1.0 .s0,81 -1.0 +1.0 .s0,71 -1.0 +1.0 .s0,71 -1.0 +1.0 .s0,90 -1.0 +1.0 .s0,81 -1.0 +1.0 .s0,81 -1.0 +1.0 .s0,98 -1.0 +1.0 .s0,90 .s1,00 -1.0 +1.0 .s0,97 -1.0 +1.0 .s0,90 -1.0 +1.0 .s0,92 -1.0 +1.0 .s0,92 -1.0 +1.0 .s1,00 -1.0 +1.0 .s0,98 -1.0 +1.0 .s0,90 -1.0 +1.0 .s1,00 -1.0 +1.0 
1	1,00	geneticalgorithm.SpecificationChromosome@c6b2dd9	30	1
before: !p0 random: 3 after: p3
before: Fp3 random: 2 after: Gp3
before: (!p1|Fp3) random: 1 after: (!p1|Gp3)
before: G(!p1|Fp3) random: 2 after: (Fp3|F!p1)
before: !p1 random: 2 after: p1
before: (G(Xp1|p3|!p1)&G(Xp0|!p0|p2)&G(F!p0|F!p2)&G(p0|X!p0|!p2)&G(F!p1|F!p3)&G(p1|X!p1|!p3)) random: 0 after: (F(p1&X!p1&!p3)|F(Xp0&!p0&p2)|F(Gp0&Gp2)|F(Xp1&p3&!p1)|F(G!p1&Gp3)|F(p0&X!p0&!p2))
before: G(F!p1|F!p3) random: 0 after: false
before: Xp1 random: 2 after: Fp1
before: (!p1|Fp3) random: 3 after: G(!p1|Fp3)
before: F!p3 random: 4 after: FX!p3
.s0,81 -1.0 +1.0 .s0,97 -1.0 +1.0 .s0,81 -1.0 +1.0 .s0,81 -1.0 +1.0 .s1,00 -1.0 +1.0 .s0,71 -1.0 +1.0 .s0,81 -1.0 +1.0 .s0,71 -1.0 +1.0 .s0,92 -1.0 +1.0 .s0,71 -1.0 +1.0 .s1,00 -1.0 +1.0 .s0,81 -1.0 +1.0 .s0,81 -1.0 +1.0 .s1,00 -1.0 +1.0 .s0,83 -1.0 +1.0 .s0,71 -1.0 +1.0 .s0,98 -1.0 +1.0 .s0,90 -1.0 +1.0 .s1,00 -1.0 +1.0 .s0,98 -1.0 +1.0 .s0,81 -1.0 +1.0 .s1,00 -1.0 +1.0 .s0,98 -1.0 +1.0 .s0,92 -1.0 +1.0 .s0,98 -1.0 +1.0 .s0,90 -1.0 +1.0 .s0,76 -1.0 +1.0 .s1,00 -1.0 +1.0 .s0,71 -1.0 +1.0 .s0,94 -1.0 +1.0 .s1,00 -1.0 +1.0 .s0,73 -1.0 +1.0 .s0,90 -1.0 +1.0 .s0,94 -1.0 +1.0 .s0,90 .s1,00 -1.0 +1.0 .s0,92 -1.0 +1.0 .s1,00 -1.0 +1.0 .s0,81 -1.0 +1.0 .s0,98 -1.0 +1.0 .s0,81 -1.0 +1.0 .s0,90 .s0,98 -1.0 +1.0 .s1,00 -1.0 +1.0 
2	1,00	geneticalgorithm.SpecificationChromosome@3c0bbc9f	30	2
before: p2 random: 0 after: false
before: !p3 random: 0 after: true
before: (G(p0|X!p0|!p2)&G(p1|X!p1|!p3)&G(F!p1|F!p3)&G(p2|Xp0)&G(Xp1|p3|!p1)&GF!p0&GF!p2) random: 1 after: (GF!p0&GF!p2&G(p2|Xp0)&G(Xp1|p3|!p1)&G(p0|X!p0|!p2)&G(p1|X!p1|!p3))
before: (!p0|Fp2) random: 1 after: (!p0&Fp2)
before: Fp3 random: 5 after: FGp3
before: (G(!p0|Fp2)&G(!p1|Fp3)) random: 1 after: (G!p0&p2&G(!p1|FGp3)&GFp2)
before: G(!p0|Fp2) random: 2 after: X(!p0|Fp2)
before: p3 random: 1 after: false
before: (F!p0|F!p2) random: 1 after: (F!p0|F!p2)
before: (GX!p1|G!p3|Gp1) random: 1 after: (GX!p1|G!p3|Gp1)
before: F!p2 random: 2 after: X!p2
before: Fp2 random: 6 after: GFp2
before: G(!p0|Fp2) random: 2 after: (F!p0|Fp2)
before: Fp3 random: 0 after: p3
before: (!p1|Fp3) random: 3 after: (!p1&p3)
before: (G(Xp1|p3|!p1)&G(Xp0|!p0|p2)&G(F!p0|F!p2)&G(p0|X!p0|!p2)&G(F!p1|F!p3)&G(p1|X!p1|!p3)) random: 2 after: (G(p0|X!p0|!p2)&G(p1|X!p1|!p3)&G(F!p0|F!p2)&G(F!p1|F!p3)&G(Xp1|p3|!p1)&G(Xp0|!p0|p2)&p1)
before: (!p1|Fp3) random: 1 after: (!p1|Fp3)
before: (F!p1|F!p3) random: 2 after: (p0|F!p1|F!p3)
before: (G(Xp1|p3|!p1)&G(Xp0|!p0|p2)&G(F!p0|F!p2)&G(p0|X!p0|!p2)&G(F!p1|F!p3)&G(p1|X!p1|!p3)) random: 1 after: (G(Xp1|p3|!p1)&G(Xp0|!p0|p2)&G(F!p0|F!p2)&G(p0|F!p1|F!p3)&G(p0|X!p0|!p2)&G(p1|X!p1|!p3))
.s0,98 -1.0 +1.0 .s0,92 -1.0 +1.0 .s0,70 -1.0 +1.0 .s0,98 -1.0 +1.0 .s0,92 -1.0 +1.0 .s0,98 -1.0 +1.0 .s1,00 -1.0 +1.0 .s0,89 -1.0 +1.0 .s0,71 -1.0 +1.0 .s0,95 -1.0 +1.0 .s0,97 -1.0 +1.0 .s0,92 -1.0 +1.0 .s0,94 -1.0 +1.0 .s0,98 -1.0 +1.0 .s1,00 -1.0 +1.0 .s0,90 -1.0 +1.0 .s0,97 -1.0 +1.0 .s0,90 -1.0 +1.0 .s0,98 -1.0 +1.0 .s0,98 -1.0 +1.0 .s1,00 -1.0 +1.0 .s1,00 -1.0 +1.0 .s0,87 -1.0 +1.0 .s0,89 -1.0 +1.0 .s1,00 -1.0 +1.0 .s0,90 -1.0 +1.0 .s1,00 -1.0 +1.0 .s0,71 -1.0 +1.0 .s1,00 -1.0 +1.0 .s0,78 -1.0 +1.0 .s0,94 -1.0 +1.0 .s0,81 -1.0 +1.0 .s0,98 -1.0 +1.0 .s0,71 .s0,97 -1.0 +1.0 .s0,92 -1.0 +1.0 .s1,00 -1.0 +1.0 .s0,81 -1.0 +1.0 .s0,73 -1.0 +1.0 .s0,90 -1.0 +1.0 .s0,94 -1.0 +1.0 .s0,92 -1.0 +1.0 .s1,00 -1.0 +1.0 .s0,76 -1.0 +1.0 .s0,98 -1.0 +1.0 .s0,97 -1.0 +1.0 .s0,97 -1.0 +1.0 .s0,78 -1.0 +1.0 .s0,98 -1.0 +1.0 
3	1,00	geneticalgorithm.SpecificationChromosome@10358c32	30	3
before: !p3 random: 2 after: p3
before: !p0 random: 1 after: (!p0&p3)
before: !p1 random: 3 after: !p1
before: G(Xp0|!p0|p2) random: 2 after: (FXp0|F!p0|Fp2)
before: (Xp0&!p0&p2) random: 2 after: (p2&Xp0&p0&!p0)
before: G(F!p1|F!p3) random: 1 after: F(Gp1&Gp3)
before: (G(!p0|Fp2)&G(!p1|Fp3)) random: 1 after: (G(!p1|Fp3)&G(!p0|Fp2)&!p2)
before: (!p1|Fp3) random: 1 after: (!p1&Fp3)
before: Xp0 random: 2 after: false
before: Fp2 random: 0 after: false
before: G(!p0|Fp2) random: 1 after: F(p0&G!p2)
before: !p1 random: 1 after: false
before: Fp2 random: 2 after: Gp2
before: (G(!p0|Fp2)&G(!p1|Fp3)) random: 1 after: (G(!p1|Fp3)&G(!p0|Gp2))
before: !p0 random: 2 after: G!p0
before: G(!p0|Fp2) random: 1 after: (G!p0|GFp2)
before: (G(!p0|Fp2)&G(!p1|Fp3)) random: 0 after: false
before: G!p3 random: 0 after: false
before: !p3 random: 2 after: G!p3
before: !p0 random: 3 after: !p0
before: p0 random: 1 after: (!p0&p0)
before: G(Xp0|!p0|p2) random: 3 after: false
before: G(!p0|Fp2) random: 1 after: F(p0&G!p2)
before: Xp0 random: 0 after: p0
before: (p0|X!p0|!p2) random: 2 after: (p1|p0|X!p0|!p2)
before: (p1|X(!p0&!p1)|!p3) random: 0 after: (p3&!p1&X(p0|p1))
.s0,94 -1.0 +1.0 .s0,95 -1.0 +1.0 .s1,00 -1.0 +1.0 .s0,98 -1.0 +1.0 .s0,98 -1.0 +1.0 .s0,78 -1.0 +1.0 .s1,00 -1.0 +1.0 .s0,98 -1.0 +1.0 .s0,97 -1.0 +1.0 .s0,68 -1.0 +1.0 .s0,98 -1.0 +1.0 .s0,73 -1.0 +1.0 .s0,97 -1.0 +1.0 .s0,98 -1.0 +1.0 .s0,98 -1.0 +1.0 .s0,98 -1.0 +1.0 .s0,98 -1.0 +1.0 .s0,98 -1.0 +1.0 .s0,90 -1.0 +1.0 .s0,81 -1.0 +1.0 .s0,98 -1.0 +1.0 .s0,97 -1.0 +1.0 .s1,00 -1.0 +1.0 .s0,81 -1.0 +1.0 .s0,98 -1.0 +1.0 .s1,00 -1.0 +1.0 .s1,00 -1.0 +1.0 .s0,89 -1.0 +1.0 .s0,95 -1.0 +1.0 .s0,63 -1.0 +1.0 .s0,98 -1.0 +1.0 .s1,00 -1.0 +1.0 .s0,68 -1.0 +1.0 .s0,98 -1.0 +1.0 .s0,97 -1.0 +1.0 .s0,98 -1.0 +1.0 .s1,00 -1.0 +1.0 .s0,94 -1.0 +1.0 .s0,98 -1.0 +1.0 .s0,98 -1.0 +1.0 .s1,00 -1.0 +1.0 .s0,98 -1.0 +1.0 .s0,73 .s0,94 -1.0 +1.0 .s0,65 -1.0 +1.0 .s0,95 .s0,98 -1.0 +1.0 .s0,95 -1.0 +1.0 .s0,95 -1.0 +1.0 
4	1,00	geneticalgorithm.SpecificationChromosome@c6b2dd9	30	4
before: p3 random: 0 after: false
before: (G(p3|Fp2)&G(!p1|Gp3)) random: 1 after: (G!p1&p3&G(p3|Fp2))
before: p2 random: 3 after: p3
before: (Xp0|!p0|p2) random: 2 after: (Xp0|!p0|p2)
before: Fp3 random: 0 after: false
before: (!p1|Fp3) random: 3 after: G!p1
before: (G(!p0|Fp2)&G(!p1|Fp3)) random: 1 after: (G!p1&!p0&G(!p0|Fp2))
before: p0 random: 1 after: false
before: p0 random: 1 after: (p0&!p3)
before: Fp3 random: 3 after: Gp3
before: (!p1|Fp3) random: 1 after: (!p1&Gp3)
before: !p0 random: 0 after: true
before: (!p0|Gp2) random: 0 after: false
before: !p1 random: 1 after: false
before: (!p1|Fp3) random: 3 after: p3
.s1,00 -1.0 +1.0 .s0,97 -1.0 +1.0 .s0,98 -1.0 +1.0 .s1,00 -1.0 +1.0 .s0,84 -1.0 +1.0 .s0,92 -1.0 +1.0 .s0,98 -1.0 +1.0 .s0,57 -1.0 +1.0 .s0,94 -1.0 +1.0 .s0,79 -1.0 +1.0 .s0,98 -1.0 +1.0 .s0,98 -1.0 +1.0 .s0,68 -1.0 +1.0 .s0,65 -1.0 +1.0 .s0,65 -1.0 +1.0 .s1,00 -1.0 +1.0 .s0,98 -1.0 +1.0 .s0,98 -1.0 +1.0 .s1,00 -1.0 +1.0 .s0,97 -1.0 +1.0 .s1,00 -1.0 +1.0 .s0,98 -1.0 +1.0 .s0,95 -1.0 +1.0 .s1,00 -1.0 +1.0 .s0,83 -1.0 +1.0 .s1,00 -1.0 +1.0 .s0,98 -1.0 +1.0 .s0,81 -1.0 +1.0 .s0,89 -1.0 +1.0 .s0,98 -1.0 +1.0 .s0,98 -1.0 +1.0 .s0,98 -1.0 +1.0 .s1,00 -1.0 +1.0 .s0,97 -1.0 +1.0 .s0,94 -1.0 +1.0 .s0,90 -1.0 +1.0 .s0,90 -1.0 +1.0 .s1,00 -1.0 +1.0 .s1,00 -1.0 +1.0 .s0,81 -1.0 +1.0 .s1,00 -1.0 +1.0 .s1,00 -1.0 +1.0 .s0,98 -1.0 +1.0 .s1,00 -1.0 +1.0 .s1,00 -1.0 +1.0 .s1,00 -1.0 +1.0 .s0,98 -1.0 +1.0 .s0,98 -1.0 +1.0 .s1,00 -1.0 +1.0 
5	1,00	geneticalgorithm.SpecificationChromosome@19d27c27	30	4
before: G(!p0|Fp2) random: 3 after: false
before: !p1 random: 1 after: false
before: !p0 random: 2 after: G!p0
before: !p1 random: 1 after: (!p1&!p3)
before: G(!p0|Fp2) random: 0 after: (!p0|Fp2)
before: (G(!p0|Fp2)&G(!p1|Fp3)) random: 3 after: (G(!p1|Fp3)|G(!p0|Fp2))
before: F!p0 random: 0 after: !p0
before: G(p3|Fp2) random: 2 after: X(p3|Fp2)
before: (!p1|Gp3) random: 0 after: (p1&F!p3)
before: Fp2 random: 6 after: GFp2
before: F!p0 random: 4 after: FX!p0
before: (Xp0|!p0|p2) random: 3 after: (p2R(!p0|Xp0))
before: p2 random: 3 after: !p3
before: p3 random: 2 after: !p3
before: (!p0|Fp2) random: 0 after: false
before: p3 random: 2 after: Gp3
.s0,97 -1.0 +1.0 .s1,00 -1.0 +1.0 .s0,98 -1.0 +1.0 .s1,00 -1.0 +1.0 .s0,71 .s0,98 -1.0 +1.0 .s0,59 -1.0 +1.0 .s0,98 -1.0 +1.0 .s1,00 -1.0 +1.0 .s1,00 -1.0 +1.0 .s1,00 -1.0 +1.0 .s0,90 -1.0 +1.0 .s1,00 -1.0 +1.0 .s1,00 -1.0 +1.0 .s0,62 .s1,00 -1.0 +1.0 .s0,90 -1.0 +1.0 .s0,84 -1.0 +1.0 .s1,00 -1.0 +1.0 .s0,57 -1.0 +1.0 .s1,00 -1.0 +1.0 .s1,00 -1.0 +1.0 .s1,00 -1.0 +1.0 .s1,00 -1.0 +1.0 .s0,92 -1.0 +1.0 .s0,92 -1.0 +1.0 .s1,00 -1.0 +1.0 .s1,00 -1.0 +1.0 .s0,98 -1.0 +1.0 .s1,00 -1.0 +1.0 .s0,98 -1.0 +1.0 .s1,00 -1.0 +1.0 .s0,71 .s1,00 -1.0 +1.0 .s0,98 -1.0 +1.0 .s0,98 -1.0 +1.0 .s1,00 -1.0 +1.0 .s0,98 -1.0 +1.0 .s0,98 -1.0 +1.0 .s0,84 -1.0 +1.0 .s0,73 .s1,00 -1.0 +1.0 .s1,00 -1.0 +1.0 .s0,92 -1.0 +1.0 .s1,00 -1.0 +1.0 .s0,95 -1.0 +1.0 .s0,89 -1.0 +1.0 .s1,00 -1.0 +1.0 .s0,90 -1.0 +1.0 
6	1,00	geneticalgorithm.SpecificationChromosome@45b96e4c	30	5
before: !p0 random: 0 after: false
before: Fp2 random: 5 after: FGp2
before: G(Xp1|p3|!p1) random: 3 after: false
before: (p1|X!p1|!p3) random: 3 after: G(p1|X!p1|!p3)
before: Xp0 random: 0 after: false
before: Fp2 random: 1 after: p2
before: (p3|Fp2) random: 2 after: (p3|Fp2)
before: p3 random: 1 after: false
before: p2 random: 1 after: false
before: G(!p1|Fp3) random: 2 after: (Fp3|F!p1)
before: (G(Xp1|p3|!p1)&G(Xp0|!p0|p2)&F(Xp0&!p0&p2)&G(F!p0|F!p2)&G(F!p1|F!p3)&G(p1|X!p1|!p3)) random: 0 after: false
before: F!p2 random: 0 after: false
before: !p2 random: 0 after: false
before: F!p3 random: 0 after: !p3
before: Fp2 random: 6 after: GFp2
before: (!p0|Fp2) random: 1 after: (!p0&GFp2)
before: (G(p3|F!p3)&G(!p1|G!p3)) random: 0 after: false
before: F!p1 random: 2 after: X!p1
before: F!p3 random: 6 after: GF!p3
before: G(F!p1|F!p3) random: 3 after: false
.s0,57 -1.0 +1.0 .s0,84 -1.0 +1.0 .s1,00 -1.0 +1.0 .s0,98 -1.0 +1.0 .s1,00 -1.0 +1.0 .s1,00 -1.0 +1.0 .s1,00 -1.0 +1.0 .s0,90 -1.0 +1.0 .s1,00 -1.0 +1.0 .s0,79 -1.0 +1.0 .s0,71 .s1,00 -1.0 +1.0 .s1,00 -1.0 +1.0 .s0,92 -1.0 +1.0 .s1,00 -1.0 +1.0 .s1,00 -1.0 +1.0 .s0,98 -1.0 +1.0 .s0,98 -1.0 +1.0 .s0,62 .s1,00 -1.0 +1.0 .s1,00 -1.0 +1.0 .s0,92 -1.0 +1.0 .s0,98 -1.0 +1.0 .s0,92 -1.0 +1.0 .s0,95 -1.0 +1.0 .s1,00 -1.0 +1.0 .s1,00 -1.0 +1.0 .s0,97 -1.0 +1.0 .s0,97 -1.0 +1.0 .s1,00 -1.0 +1.0 .s0,97 -1.0 +1.0 .s0,62 .s1,00 .s0,95 -1.0 +1.0 .s0,62 .s1,00 -1.0 +1.0 .s0,84 -1.0 +1.0 .s0,97 -1.0 +1.0 .s0,92 -1.0 +1.0 .s1,00 -1.0 +1.0 .s1,00 -1.0 +1.0 .s0,98 -1.0 +1.0 .s1,00 -1.0 +1.0 .s0,94 -1.0 +1.0 .s1,00 -1.0 +1.0 .s0,92 -1.0 +1.0 .s0,79 -1.0 +1.0 
7	1,00	geneticalgorithm.SpecificationChromosome@73e399cc	30	6
before: p1 random: 0 after: false
before: G(Xp1|p3|!p1) random: 3 after: false
before: !p3 random: 2 after: G!p3
before: p3 random: 3 after: !p3
before: Fp3 random: 0 after: false
before: !p0 random: 3 after: !p2
before: p3 random: 1 after: (!p1&p3)
before: (F!p0|F!p2) random: 3 after: G(F!p0|F!p2)
before: !p0 random: 2 after: G!p0
before: (!p0|Fp2) random: 3 after: (!p0RFp2)
before: Fp3 random: 2 after: Xp3
before: (G(!p0|Fp2)&G(!p1|Fp3)) random: 1 after: (GFp2&G(!p1|Xp3))
before: F!p1 random: 2 after: X!p1
before: (G(p3|Fp2)&G(!p1|Gp3)) random: 3 after: (G(p3|Fp2)|G(!p1|Gp3))
before: F!p1 random: 2 after: G!p1
before: (p2|Xp0) random: 0 after: false
before: F!p2 random: 0 after: !p2
before: !p1 random: 2 after: p1
.s0,97 -1.0 +1.0 .s0,98 -1.0 +1.0 .s1,00 -1.0 +1.0 .s1,00 -1.0 +1.0 .s0,92 -1.0 +1.0 .s1,00 -1.0 +1.0 .s0,84 -1.0 +1.0 .s0,98 -1.0 +1.0 .s0,95 -1.0 +1.0 .s1,00 -1.0 +1.0 .s0,84 -1.0 +1.0 .s1,00 -1.0 +1.0 .s1,00 -1.0 +1.0 .s1,00 -1.0 +1.0 .s0,98 -1.0 +1.0 .s0,52 -1.0 +1.0 .s0,90 .s1,00 -1.0 +1.0 .s0,79 -1.0 +1.0 .s0,90 -1.0 +1.0 .s0,98 -1.0 +1.0 .s1,00 -1.0 +1.0 .s1,00 -1.0 +1.0 .s1,00 -1.0 +1.0 .s0,76 -1.0 +1.0 .s1,00 -1.0 +1.0 .s0,95 -1.0 +1.0 .s1,00 -1.0 +1.0 .s1,00 -1.0 +1.0 .s0,95 -1.0 +1.0 .s0,90 -1.0 +1.0 .s1,00 -1.0 +1.0 .s1,00 -1.0 +1.0 .s0,97 -1.0 +1.0 .s1,00 -1.0 +1.0 .s1,00 -1.0 +1.0 .s1,00 -1.0 +1.0 .s0,90 -1.0 +1.0 .s0,97 -1.0 +1.0 .s0,90 -1.0 +1.0 .s0,90 -1.0 +1.0 .s1,00 -1.0 +1.0 .s0,98 -1.0 +1.0 .s1,00 -1.0 +1.0 .s1,00 -1.0 +1.0 .s1,00 -1.0 +1.0 .s1,00 -1.0 +1.0 .s1,00 -1.0 +1.0 
8	1,00	geneticalgorithm.SpecificationChromosome@57eed461	30	7
before: !p0 random: 2 after: G!p0
before: F!p0 random: 0 after: false
before: p1 random: 2 after: Gp1
before: !p2 random: 2 after: p2
before: (p2|Xp0|p0|!p0) random: 3 after: G(p2|Xp0|p0|!p0)
before: !p3 random: 0 after: false
before: !p0 random: 2 after: G!p0
before: (Xp0&!p0&p2) random: 2 after: (GXp0&G!p0&Gp2)
before: p2 random: 3 after: p3
before: p0 random: 1 after: false
before: !p1 random: 2 after: p1
before: (!p0|Fp2) random: 0 after: false
before: Xp0 random: 1 after: Gp0
before: F!p2 random: 0 after: false
before: Fp3 random: 2 after: Gp3
before: G(!p1|Fp3) random: 4 after: false
.s1,00 -1.0 +1.0 .s1,00 -1.0 +1.0 .s1,00 -1.0 +1.0 .s1,00 -1.0 +1.0 .s1,00 -1.0 +1.0 .s0,98 -1.0 +1.0 .s0,62 .s1,00 -1.0 +1.0 .s1,00 -1.0 +1.0 .s0,98 -1.0 +1.0 .s1,00 -1.0 +1.0 .s0,90 -1.0 +1.0 .s0,95 -1.0 +1.0 .s0,97 .s0,62 -1.0 +1.0 .s1,00 -1.0 +1.0 .s0,98 -1.0 +1.0 .s1,00 -1.0 +1.0 .s1,00 -1.0 +1.0 .s1,00 -1.0 +1.0 .s1,00 -1.0 +1.0 .s0,92 -1.0 +1.0 .s0,95 .s0,71 -1.0 +1.0 .s1,00 -1.0 +1.0 .s1,00 -1.0 +1.0 .s0,84 -1.0 +1.0 .s1,00 -1.0 +1.0 .s1,00 -1.0 +1.0 .s1,00 -1.0 +1.0 .s1,00 -1.0 +1.0 .s1,00 -1.0 +1.0 .s1,00 -1.0 +1.0 .s0,98 -1.0 +1.0 .s1,00 -1.0 +1.0 .s0,90 .s1,00 -1.0 +1.0 .s1,00 -1.0 +1.0 .s0,97 -1.0 +1.0 .s1,00 -1.0 +1.0 .s1,00 -1.0 +1.0 .s0,97 -1.0 +1.0 .s1,00 -1.0 +1.0 .s0,92 -1.0 +1.0 .s0,95 .s1,00 -1.0 +1.0 .s0,79 -1.0 +1.0 .s0,89 -1.0 +1.0 .s0,71 -1.0 +1.0 .s0,79 -1.0 +1.0 
9	1,00	geneticalgorithm.SpecificationChromosome@55e4dd68	30	8
Realizable Specifications:

Solution N: 0	Fitness: 1,00
INFO {
  TITLE:       "Round Robin Arbiter, unrealizable variant 1"
  DESCRIPTION: "Parameterized Arbiter, where requst signals have to remain HIGH until they are granted"
  SEMANTICS:   Mealy
  TARGET:   Mealy
}

MAIN {
  INPUTS {
    r_0;r_1;
  }
  OUTPUTS {
    g_0;g_1;
  }

  ASSERT {
    (!g_0 || !g_1);
    (!r_0 ||  X (!r_1) ||  X ( X ( X ((g_0 && g_1)))));
  }

  ASSUMPTIONS {
    ( F ((!r_0 && g_0 &&  X (r_0))) &&  G (( F (!r_0) ||  F (!g_0))) &&  G (( F (!r_1) ||  F (!g_1))) &&  G ((!r_0 || g_0 ||  X (r_0))) &&  G ((r_1 || !g_1 ||  X (!r_1))) &&  G ((!r_1 || g_1 ||  X (r_1))));
  }

  GUARANTEES {
     G ((!r_0 ||  F (g_0)));
     G ((!r_1 ||  F (g_1)));
  }
}

Solution N: 1	Fitness: 1,00
INFO {
  TITLE:       "Round Robin Arbiter, unrealizable variant 1"
  DESCRIPTION: "Parameterized Arbiter, where requst signals have to remain HIGH until they are granted"
  SEMANTICS:   Mealy
  TARGET:   Mealy
}

MAIN {
  INPUTS {
    r_0;r_1;
  }
  OUTPUTS {
    g_0;g_1;
  }

  ASSERT {
    (!g_0 || !g_1);
    (!r_0 ||  X (!r_1) ||  X ( X ( X ((g_0 && g_1)))));
  }

  ASSUMPTIONS {
    ( F ((!r_0 && g_0 &&  X (r_0))) &&  G (( F (!r_0) ||  F (!g_0))) &&  G (( F (!r_1) ||  F (!g_1))) &&  G ((!r_0 || g_0 ||  X (r_0))) &&  G ((r_1 || !g_1 ||  X (!r_1))) &&  G ((!r_1 || g_1 ||  X (r_1))));
  }

  GUARANTEES {
     G ((!r_0 ||  F (g_0)));
     G ((!r_1 ||  F (g_1)));
  }
}

Solution N: 2	Fitness: 1,00
INFO {
  TITLE:       "Round Robin Arbiter, unrealizable variant 1"
  DESCRIPTION: "Parameterized Arbiter, where requst signals have to remain HIGH until they are granted"
  SEMANTICS:   Mealy
  TARGET:   Mealy
}

MAIN {
  INPUTS {
    r_0;r_1;
  }
  OUTPUTS {
    g_0;g_1;
  }

  ASSERT {
    (!g_0 || !g_1);
    (!r_0 ||  X (!r_1) ||  X ( X ( X ((g_0 && g_1)))));
  }

  ASSUMPTIONS {
    ( F ((!r_0 && g_0 &&  X (r_0))) &&  G (( F (!r_0) ||  F (!g_0))) &&  G (( F (!r_1) ||  F (!g_1))) &&  G ((!r_0 || g_0 ||  X (r_0))) &&  G ((r_1 || !g_1 ||  X (!r_1))) &&  G ((!r_1 || g_1 ||  X (r_1))));
  }

  GUARANTEES {
     G ((!r_0 ||  F (g_0)));
     G ((!r_1 ||  F (g_1)));
  }
}

Solution N: 3	Fitness: 1,00
INFO {
  TITLE:       "Round Robin Arbiter, unrealizable variant 1"
  DESCRIPTION: "Parameterized Arbiter, where requst signals have to remain HIGH until they are granted"
  SEMANTICS:   Mealy
  TARGET:   Mealy
}

MAIN {
  INPUTS {
    r_0;r_1;
  }
  OUTPUTS {
    g_0;g_1;
  }

  ASSERT {
    (!g_0 || !g_1);
    (!r_0 ||  X (!r_1) ||  X ( X ( X ((g_0 && g_1)))));
  }

  ASSUMPTIONS {
    ( G ( F (!r_0)) &&  G ( F (!g_0)) &&  G ((g_0 ||  X (r_0))) &&  G (( F (!r_1) ||  F (!g_1))) &&  G ((r_0 || !g_0 ||  X (!r_0))) &&  G ((r_1 || !g_1 ||  X (!r_1))) &&  G ((!r_1 || g_1 ||  X (r_1))));
  }

  GUARANTEES {
     G ((!r_0 ||  F (g_0)));
     G ((!r_1 || !g_1 ||  F (g_1)));
  }
}

Solution N: 4	Fitness: 1,00
INFO {
  TITLE:       "Round Robin Arbiter, unrealizable variant 1"
  DESCRIPTION: "Parameterized Arbiter, where requst signals have to remain HIGH until they are granted"
  SEMANTICS:   Mealy
  TARGET:   Mealy
}

MAIN {
  INPUTS {
    r_0;r_1;
  }
  OUTPUTS {
    g_0;g_1;
  }

  ASSERT {
    (!g_0 || !g_1);
    (!r_0 ||  X (!r_1) ||  X ( X ( X ((g_0 && g_1)))));
  }

  ASSUMPTIONS {
    ( G ( F (!r_1)) &&  G (( F (!r_0) ||  F (!g_0))) &&  G ((r_0 || !g_0 ||  X (!r_0))) &&  G ((!r_1 || g_1 ||  X (r_1))) &&  G ((r_0 || !r_0 || g_0 ||  X (r_0))) &&  G ((r_1 || !g_1 ||  X ((!r_0 && !r_1)))));
  }

  GUARANTEES {
     G ((!r_0 ||  F (g_0)));
     G ((!r_1 ||  F (g_1)));
  }
}

Solution N: 5	Fitness: 1,00
INFO {
  TITLE:       "Round Robin Arbiter, unrealizable variant 1"
  DESCRIPTION: "Parameterized Arbiter, where requst signals have to remain HIGH until they are granted"
  SEMANTICS:   Mealy
  TARGET:   Mealy
}

MAIN {
  INPUTS {
    r_0;r_1;
  }
  OUTPUTS {
    g_0;g_1;
  }

  ASSERT {
    (!g_0 || !g_1);
    (!r_0 ||  X (!r_1) ||  X ( X ( X ((g_0 && g_1)))));
  }

  ASSUMPTIONS {
    ( F ((!r_0 && g_0 &&  X (r_0))) &&  G (( F (!r_0) ||  F (!g_0))) &&  G (( F (!r_1) ||  F (!g_1))) &&  G ((!r_0 || g_0 ||  X (r_0))) &&  G ((r_1 || !g_1 ||  X (!r_1))) &&  G ((!r_1 || g_1 ||  X (r_1))));
  }

  GUARANTEES {
     G ((!r_0 ||  F (g_0)));
     G ((!r_1 ||  F (g_1)));
  }
}

Solution N: 6	Fitness: 1,00
INFO {
  TITLE:       "Round Robin Arbiter, unrealizable variant 1"
  DESCRIPTION: "Parameterized Arbiter, where requst signals have to remain HIGH until they are granted"
  SEMANTICS:   Mealy
  TARGET:   Mealy
}

MAIN {
  INPUTS {
    r_0;r_1;
  }
  OUTPUTS {
    g_0;g_1;
  }

  ASSERT {
    (!g_0 || !g_1);
    (!r_0 ||  X (!r_1) ||  X ( X ( X ((g_0 && g_1)))));
  }

  ASSUMPTIONS {
    ( F ((!r_0 && g_0 &&  X (r_0))) &&  G (( F (!r_0) ||  F (!g_0))) &&  G (( F (!r_1) ||  F (!g_1))) &&  G ((!r_0 || g_0 ||  X (r_0))) &&  G ((r_1 || !g_1 ||  X (!r_1))) &&  G ((!r_1 || g_1 ||  X (r_1))));
  }

  GUARANTEES {
     G ((!r_0 ||  F (g_0)));
     G ((!r_1 ||  F (g_1)));
  }
}

Solution N: 7	Fitness: 1,00
INFO {
  TITLE:       "Round Robin Arbiter, unrealizable variant 1"
  DESCRIPTION: "Parameterized Arbiter, where requst signals have to remain HIGH until they are granted"
  SEMANTICS:   Mealy
  TARGET:   Mealy
}

MAIN {
  INPUTS {
    r_0;r_1;
  }
  OUTPUTS {
    g_0;g_1;
  }

  ASSERT {
    (!g_0 || !g_1);
    (!r_0 ||  X (!r_1) ||  X ( X ( X ((g_0 && g_1)))));
  }

  ASSUMPTIONS {
    ( F ((!r_0 && g_0 &&  X (r_0))) &&  G (( F (!r_0) ||  F (!g_0))) &&  G (( F (!r_1) ||  F (!g_1))) &&  G ((!r_0 || g_0 ||  X (r_0))) &&  G ((r_1 || !g_1 ||  X (!r_1))) &&  G ((!r_1 || g_1 ||  X (r_1))));
  }

  GUARANTEES {
     G ((!r_0 ||  F (g_0)));
     G ((!r_1 ||  F (g_1)));
  }
}

Solution N: 8	Fitness: 1,00
INFO {
  TITLE:       "Round Robin Arbiter, unrealizable variant 1"
  DESCRIPTION: "Parameterized Arbiter, where requst signals have to remain HIGH until they are granted"
  SEMANTICS:   Mealy
  TARGET:   Mealy
}

MAIN {
  INPUTS {
    r_0;r_1;
  }
  OUTPUTS {
    g_0;g_1;
  }

  ASSERT {
    (!g_0 || !g_1);
    (!r_0 ||  X (!r_1) ||  X ( X ( X ((g_0 && g_1)))));
  }

  ASSUMPTIONS {
    ( F ((!r_0 && g_0 &&  X (r_0))) &&  G (( F (!r_0) ||  F (!g_0))) &&  G (( F (!r_1) ||  F (!g_1))) &&  G ((!r_0 || g_0 ||  X (r_0))) &&  G ((r_1 || !g_1 ||  X (!r_1))) &&  G ((!r_1 || g_1 ||  X (r_1))));
  }

  GUARANTEES {
     G ((!r_0 ||  F (g_0)));
     G ((!r_1 ||  F (g_1)));
  }
}
Time: 17 m  3 s
GEN: 10, Pop:30 MR: 100, COR: 10
status: 0.75, lost0.075, won: 0.075, syn: 0.1
