0 786432
1 786432
2 1048320
3 732908
4 1048320
5 917376
6 732908
7 1048320
8 786432
9 1048320
10 524544
11 1048320
12 786432
13 393216
14 524544
15 786432
16 393216
17 786432
18 524544
19 393216
20 611520
21 1048320
22 1048320
23 786432
24 1047680
25 786432
26 1048320
27 945468
28 1047680
29 524032
30 983040
31 350592
32 611520
33 393216
34 1179648
35 1048320
36 1047680
37 525184
38 1179648
39 1048704
40 417792
41 1155072
42 786432
43 393216
44 1048320
45 786432
46 1047680
47 1179648
48 1179648
49 1048320


