0 100663296
1 100663296
2 88080384
3 33554432
4 133693440
5 80551632
6 44738560
7 67108864
8 44744192
9 134217728
10 67108864
11 67108864
12 44744192
13 67108864
14 67108864
15 null
16 78295040
17 44740608
18 44740608
19 67108864
20 33554432
21 44744192
22 33554432
23 100663296
24 89477120
25 44740608
26 null
27 44740608
28 67108864
29 44740608
30 67108864
31 33554432
32 44740608
33 67108864
34 44744192
35 89477120
36 89473536
37 100663296
38 null
39 67108864
40 null
41 67108864
42 100663296
43 100663296
44 67108864
45 89477120
46 89477120
47 33554432
48 null
49 133234688


