0 7158272000
1 8053063680
2 7158272000
3 2684354560
4 7046430720
5 5368709120
6 7158253568
7 2684354560
8 5368709120
9 2684354560
10 5368709120
11 null
12 10726932480
13 7158253568
14 6263500800
15 7158253568
16 3579164672
17 7158253568
18 3579146240
19 5368709120
20 7158253568
21 4026531840
22 5368709120
23 2684354560
24 7158272000
25 8042577920
26 8042577920
27 null
28 19922944
29 3579164672
30 7158253568
31 3579230208
32 null
33 7158272000
34 8053063680
35 5368709120
36 1789573120
37 2684354560
38 2684354560
39 10485760
40 8053063680
41 5368709120
42 5368709120
43 7158253568
44 7158272000
45 5368709120
46 8053063680
47 2684354560
48 2684354560
49 5368709120


