0 301989888
1 805303296
2 null
3 402664448
4 905969664
5 805295104
6 402656256
7 1203503104
8 805295104
9 805303296
10 603979776
11 null
12 603979776
13 402656256
14 603979776
15 905969664
16 402664448
17 805303296
18 301989888
19 905969664
20 402656256
21 402656256
22 301989888
23 905969664
24 603979776
25 null
26 805303296
27 905969664
28 301989888
29 805303296
30 402664448
31 402693120
32 null
33 905969664
34 null
35 603979776
36 402656256
37 null
38 805303296
39 905969664
40 301989888
41 402656256
42 905969664
43 301989888
44 603979776
45 301989888
46 603979776
47 402651648
48 603979776
49 603979776


