0 905969664
1 905969664
2 792723456
3 301989888
4 1205600256
5 724846590
6 402651648
7 603979776
8 402664448
9 1207959552
10 603979776
11 603979776
12 402664448
13 603979776
14 603979776
15 null
16 704646144
17 402656256
18 402656256
19 603979776
20 301989888
21 402664448
22 301989888
23 905969664
24 805303296
25 402656256
26 null
27 402656256
28 603979776
29 402656256
30 603979776
31 301989888
32 402656256
33 603979776
34 402664448
35 805303296
36 805295104
37 905969664
38 null
39 603979776
40 null
41 603979776
42 905969664
43 905969664
44 603979776
45 805303296
46 805303296
47 301989888
48 null
49 1203503104


