0 33554432
1 89477120
2 null
3 44744192
4 100663296
5 89473536
6 44740608
7 133234688
8 89473536
9 89477120
10 67108864
11 null
12 67108864
13 44740608
14 67108864
15 100663296
16 44744192
17 89477120
18 33554432
19 100663296
20 44740608
21 44740608
22 33554432
23 100663296
24 67108864
25 null
26 89477120
27 100663296
28 33554432
29 89477120
30 44744192
31 44756480
32 null
33 100663296
34 null
35 67108864
36 44740608
37 null
38 89477120
39 100663296
40 33554432
41 44740608
42 100663296
43 33554432
44 67108864
45 33554432
46 67108864
47 44738560
48 67108864
49 67108864


