0 7340032
1 7340032
2 9786112
3 null
4 9786112
5 8563072
6 null
7 9786112
8 7340032
9 9786112
10 null
11 9786112
12 7340032
13 3670016
14 4893952
15 7340032
16 3670016
17 7340032
18 4893952
19 3670016
20 null
21 9786112
22 9786112
23 7340032
24 9784576
25 7340032
26 9786112
27 8814162
28 9784576
29 4892672
30 9175040
31 null
32 null
33 3670016
34 11010048
35 9786112
36 9784576
37 4895488
38 11010048
39 9787008
40 3784704
41 10895360
42 7340032
43 3670016
44 9786112
45 7340032
46 9784576
47 11010048
48 11010048
49 null


