0 603979776
1 603979776
2 805303296
3 null
4 null
5 null
6 null
7 805303296
8 603979776
9 805303296
10 null
11 805303296
12 603979776
13 301989888
14 402656256
15 603979776
16 301989888
17 603979776
18 402656256
19 301989888
20 null
21 null
22 805303296
23 603979776
24 805295104
25 603979776
26 805303296
27 724846590
28 805295104
29 402649088
30 754974720
31 null
32 null
33 301989888
34 905969664
35 805303296
36 805295104
37 402664448
38 905969664
39 805307904
40 304349184
41 903610368
42 603979776
43 301989888
44 null
45 603979776
46 805295104
47 905969664
48 905969664
49 null


