0 7340032
1 3670016
2 3670016
3 9786112
4 2948260
5 0
6 9633792
7 3670016
8 12845056
9 10895360
10 7340032
11 9786112
12 9786112
13 4895488
14 null
15 null
16 8563968
17 4893056
18 9784576
19 9787008
20 7340032
21 3670016
22 3670016
23 6116992
24 4893952
25 9786112
26 8154496
27 7340032
28 null
29 9786112
30 3670016
31 4893952
32 11010048
33 9786112
34 2948260
35 2446976
36 null
37 3670016
38 3670016
39 9786112
40 9786112
41 9786112
42 5505024
43 null
44 8563968
45 11010048
46 4895488
47 9786112
48 7340032
49 9784576


