0 3670016
1 9786112
2 8563072
3 4895488
4 11010048
5 9784576
6 4893952
7 14467072
8 9784576
9 9786112
10 7340032
11 7340032
12 7340032
13 4893952
14 7340032
15 11010048
16 4895488
17 9786112
18 3670016
19 11010048
20 4893952
21 4893952
22 3670016
23 11010048
24 7340032
25 9786112
26 9786112
27 11010048
28 3670016
29 9786112
30 4895488
31 4900608
32 null
33 11010048
34 8563072
35 7340032
36 4893952
37 9786112
38 9786112
39 11010048
40 3670016
41 4893952
42 11010048
43 3670016
44 7340032
45 3670016
46 7340032
47 4893056
48 7340032
49 7340032


