0 7158272000
1 7158272000
2 2684354560
3 null
4 2684354560
5 7158272000
6 5368709120
7 7158188032
8 2684354560
9 null
10 7158272000
11 3579164672
12 5368709120
13 null
14 2684354560
15 2684354560
16 7158272000
17 8042577920
18 2694840320
19 2684354560
20 10737418240
21 9395240960
22 5368709120
23 7158272000
24 null
25 3579146240
26 7158272000
27 3579146240
28 null
29 3579146240
30 7158272000
31 7158272000
32 8053063680
33 null
34 null
35 8053063680
36 7158253568
37 7158272000
38 5368709120
39 3579146240
40 3579146240
41 2694840320
42 5368709120
43 7158272000
44 4473917440
45 5368709120
46 5368709120
47 5368709120
48 2684354560
49 2684354560


