0 805303296
1 603979776
2 402656256
3 301989888
4 805303296
5 null
6 603979776
7 301989888
8 805303296
9 603979776
10 603979776
11 301989888
12 603979776
13 201328128
14 402656256
15 1205600256
16 402664448
17 null
18 905969664
19 805303296
20 603979776
21 402664448
22 402656256
23 603979776
24 null
25 1006631424
26 805295104
27 301989888
28 301989888
29 905969664
30 402656256
31 517696956
32 603979776
33 905969664
34 603979776
35 603979776
36 null
37 null
38 805303296
39 603979776
40 402656256
41 301989888
42 603979776
43 905969664
44 704646144
45 402656256
46 905969664
47 402664448
48 805303296
49 724846590


