0 393216
1 1048320
2 917376
3 525184
4 1179648
5 1047680
6 524544
7 1527808
8 1047680
9 1048320
10 786432
11 786432
12 786432
13 524544
14 786432
15 1179648
16 525184
17 1048320
18 393216
19 1179648
20 524544
21 524544
22 393216
23 1179648
24 786432
25 1048320
26 1048320
27 1179648
28 393216
29 1048320
30 525184
31 527232
32 732908
33 1179648
34 917376
35 786432
36 524544
37 1048320
38 1048320
39 1179648
40 393216
41 524544
42 1179648
43 393216
44 786432
45 393216
46 786432
47 524160
48 786432
49 786432


