0 null
1 2684354560
2 2684354560
3 null
4 null
5 0
6 7046430720
7 2684354560
8 9395240960
9 8042577920
10 5368709120
11 7158272000
12 7158272000
13 3579164672
14 null
15 null
16 6263500800
17 3579136000
18 7158253568
19 7158282240
20 5368709120
21 2684354560
22 2684354560
23 null
24 3579146240
25 7158272000
26 null
27 5368709120
28 null
29 7158272000
30 2684354560
31 3579146240
32 8053063680
33 7158272000
34 null
35 1789573120
36 null
37 2684354560
38 2684354560
39 7158272000
40 7158272000
41 7158272000
42 4026531840
43 null
44 6263500800
45 8053063680
46 3579164672
47 7158272000
48 5368709120
49 7158253568


