0 8053063680
1 8053063680
2 7046430720
3 2684354560
4 10726932480
5 null
6 3579136000
7 5368709120
8 3579164672
9 10737418240
10 5368709120
11 5368709120
12 3579164672
13 5368709120
14 5368709120
15 null
16 6263500800
17 3579146240
18 3579146240
19 5368709120
20 2684354560
21 3579164672
22 2684354560
23 8053063680
24 7158272000
25 3579146240
26 null
27 3579146240
28 5368709120
29 3579146240
30 5368709120
31 2684354560
32 3579146240
33 5368709120
34 3579164672
35 7158272000
36 7158253568
37 8053063680
38 null
39 5368709120
40 null
41 5368709120
42 8053063680
43 8053063680
44 5368709120
45 7158272000
46 7158272000
47 2684354560
48 null
49 10717495296


