0 null
1 3579146240
2 5368709120
3 5368709120
4 null
5 3579146240
6 7158253568
7 2684354560
8 4473917440
9 5368709120
10 8053063680
11 null
12 2684354560
13 8053063680
14 5368709120
15 7158272000
16 3579164672
17 3579146240
18 3579136000
19 5368709120
20 9395240960
21 null
22 7158282240
23 2684354560
24 7158272000
25 null
26 5368709120
27 3579146240
28 3579230208
29 7158272000
30 8053063680
31 null
32 5368709120
33 10726932480
34 2684354560
35 5368709120
36 7158188032
37 6263500800
38 8053063680
39 7158272000
40 8053063680
41 7158272000
42 2684354560
43 3579146240
44 1789573120
45 3579164672
46 7158272000
47 5368709120
48 7158188032
49 3579146240


