before: !p4 random: 1 after: (!p4&p4)
before: (!p4U(p1&!p4)) random: 1 after: (!p4&p4&p1)
before: true random: 1 after: !p4
before: !p4 random: 2 after: G!p4
before: (!p5U(p2&!p5)) random: 1 after: (p5R(!p2|p5))
before: !p4 random: 2 after: p4
before: (!p4U(p1&!p4)) random: 2 after: (p1&!p4)
before: G!p4 random: 2 after: F!p4
before: !p2 random: 3 after: !p4
before: Fp5 random: 2 after: Xp5
before: G!p4 random: 1 after: false
before: true random: 1 after: !p1
before: (!p0|Fp3) random: 3 after: G(!p0|Fp3)
before: G!p3 random: 4 after: false
before: true random: 1 after: p3
before: !p0 random: 2 after: G!p0
before: Fp4 random: 6 after: GFp4
before: (!p1|Fp4) random: 2 after: (!p1|Fp4)
before: true random: 1 after: !p2
before: true random: 1 after: p1
before: !p3 random: 1 after: (!p3&p4)
before: !p1 random: 1 after: false
before: Fp4 random: 1 after: G!p4
before: p5 random: 0 after: false
before: !p3 random: 0 after: false
before: p0 random: 2 after: Gp0
before: (p2&!p5) random: 0 after: (!p2|p5)
before: true random: 0 after: false
before: true random: 0 after: false
before: (!p4U(p1&!p4)) random: 0 after: (p1&!p4)
before: (!p3U(p0&!p3)) random: 1 after: (p3R(!p0|p3))
before: G(!p2|Fp5) random: 0 after: (!p2|Fp5)
before: true random: 0 after: false
before: true random: 1 after: p3
before: (!p4U(p1&!p4)) random: 0 after: !p4
before: !p3 random: 3 after: p1
before: !p3 random: 2 after: p3
before: !p5 random: 0 after: true
before: ((!p5U(p2&!p5))|G!p5) random: 2 after: true
before: (((!p5U(p2&!p5))|G!p5)&G(!p0|Fp3)&((!p4U(p1&!p4))|G!p4)&G(!p1|Fp4)&G(!p2|Fp5)&((!p3U(p0&!p3))|G!p3)) random: 0 after: (F(p0&G!p3)|F(p1&G!p4)|F(p2&G!p5)|(Fp4&(p4R(!p1|p4)))|(Fp3&(p3R(!p0|p3))))
before: true random: 1 after: p0
before: true random: 0 after: false
before: true random: 1 after: p1
before: true random: 0 after: false
before: true random: 1 after: !p4
before: G!p5 random: 1 after: false
before: !p5 random: 2 after: p5
before: Fp3 random: 2 after: Gp3
before: G(!p0|Fp3) random: 1 after: F(p0&F!p3)
before: ((!p5U(p2&!p5))|G!p5) random: 1 after: ((!p5U(p2&!p5))&G!p5)
before: (!p1|Fp4) random: 0 after: false
before: true random: 0 after: false
before: Fp3 random: 1 after: p3
before: G(!p2|Fp5) random: 3 after: false
before: true random: 0 after: false
before: G(!p0|Fp3) random: 1 after: (G!p0|GFp3)
before: p4 random: 2 after: Gp4
before: true random: 1 after: !p5
before: p3 random: 3 after: !p3
before: (((!p5U(p2&!p5))|G!p5)&G(!p0|Fp3)&((!p4U(p1&!p4))|G!p4)&G(!p1|Fp4)&G(!p2|Fp5)&((!p3U(p0&!p3))|G!p3)) random: 2 after: (((!p4U(p1&!p4))|G!p4)&G(!p1|Fp4)&G(!p2|Fp5)&((!p5U(p2&!p5))|G!p5)&!p4&G(!p0|F!p3)&((!p3U(p0&!p3))|G!p3))
before: true random: 0 after: false
before: (!p2|Fp5) random: 2 after: (!p2|Fp5)
before: G(!p2|Fp5) random: 0 after: (!p2|Fp5)
before: (!p1|Fp4) random: 0 after: (p1&G!p4)
before: G!p4 random: 2 after: false
before: ((!p4U(p1&!p4))|G!p4) random: 3 after: G(!p4U(p1&!p4))
before: (!p2|Fp5) random: 2 after: (!p2|Fp5)
before: true random: 0 after: false
before: !p5 random: 0 after: true
before: !p1 random: 3 after: p4
before: true random: 1 after: p0
before: true random: 0 after: false
before: !p5 random: 3 after: p1
before: Fp4 random: 1 after: G!p4
before: true random: 0 after: false
before: true random: 0 after: false
before: true random: 0 after: false
before: true random: 1 after: p3
before: !p4 random: 0 after: true
before: !p4 random: 0 after: true
before: !p2 random: 0 after: true
before: (!p3U(p0&!p3)) random: 1 after: (p3R(!p0|p3))
before: (!p5U(p2&!p5)) random: 1 after: (p5R(!p2|p5))
before: ((!p5U(p2&!p5))|G!p5) random: 1 after: ((p5R(!p2|p5))|G!p5)
before: (p1&!p4) random: 2 after: (p1&!p4)
before: p0 random: 2 after: !p0
before: true random: 0 after: false
before: true random: 0 after: false
before: (!p2|Fp5) random: 3 after: (!p2&Fp5)
before: true random: 1 after: p4
before: true random: 1 after: !p0
before: !p0 random: 1 after: (!p0&!p1)
before: ((!p4U(p1&!p4))|G!p4) random: 3 after: G((!p4U(p1&!p4))|G!p4)
before: ((!p3U(p0&!p3))|G!p3) random: 1 after: ((!p3U(p0&!p3))&G!p3)
before: ((!p3U(p0&!p3))|G!p3) random: 1 after: ((!p3U(p0&!p3))&G!p3)
before: true random: 1 after: p3
before: true random: 0 after: false
before: true random: 0 after: false
before: (!p5U(p2&!p5)) random: 1 after: (p2&!p5)
before: !p5 random: 2 after: G!p5
before: (p1&!p4) random: 2 after: (Gp1&G!p4)
before: !p0 random: 2 after: G!p0
before: (!p0|Fp3) random: 3 after: G(Fp3|G!p0)
before: (!p3U(p0&!p3)) random: 2 after: (X(!p3U(p0&!p3))&(!p0|p3)&!p3)
before: (!p1|Fp4) random: 0 after: (p1&G!p4)
before: ((!p4U(p1&!p4))|G!p4) random: 1 after: ((!p4U(p1&!p4))|G!p4)
before: G!p3 random: 1 after: Fp3
before: true random: 1 after: p1
before: true random: 1 after: p0
before: !p3 random: 1 after: false
before: true random: 1 after: p3
before: !p5 random: 2 after: p5
before: (p1&!p4) random: 1 after: (p1&!p4)
before: G!p4 random: 0 after: !p4
before: true random: 0 after: false
before: p1 random: 0 after: false
before: true random: 0 after: false
before: (p2&!p5) random: 1 after: (p2&!p5)
before: !p5 random: 0 after: true
before: ((!p3U(p0&!p3))|G!p3) random: 1 after: ((!p3U(p0&!p3))|G!p3)
before: true random: 0 after: false
before: true random: 1 after: p1
before: true random: 1 after: !p4
before: p3 random: 1 after: false
before: true random: 0 after: false
before: true random: 0 after: false
before: true random: 1 after: p2
before: true random: 0 after: false
before: (!p3U(p0&!p3)) random: 0 after: (p0&!p3)
before: !p3 random: 1 after: (!p1&!p3)
before: G(!p1|Fp4) random: 2 after: X(!p1|Fp4)
before: G(!p1|Fp4) random: 1 after: F(p1&G!p4)
before: true random: 0 after: false
before: true random: 0 after: false
before: true random: 1 after: p3
before: G(!p2|Fp5) random: 2 after: false
before: p2 random: 1 after: false
before: G(!p0|Fp3) random: 0 after: (!p0|Fp3)
before: !p5 random: 1 after: (p2&!p5)
before: Fp3 random: 4 after: FXp3
before: p5 random: 0 after: false
before: G(!p0|Fp3) random: 4 after: false
before: Fp3 random: 0 after: p3
before: Fp4 random: 2 after: Xp4
before: G(!p1|Fp4) random: 2 after: (FXp4|F!p1)
before: (((!p5U(p2&!p5))|G!p5)&G(!p0|Fp3)&((!p4U(p1&!p4))|G!p4)&G(!p1|Fp4)&G(!p2|Fp5)&((!p3U(p0&!p3))|G!p3)) random: 0 after: ((Gp1&GX!p4)|(Fp3&(p3R(!p0|p3)))|(Fp4&(p4R(!p1|p4)))|F(p0&!p3)|F(p2&G!p5)|(Fp5&(p5R(!p2|p5))))
before: (p2&!p5) random: 1 after: (!p5&!p0&p2)
before: p3 random: 0 after: false
before: (p0&!p3) random: 0 after: false
before: true random: 1 after: p1
before: !p3 random: 0 after: true
before: (!p0|Fp3) random: 2 after: (!p0|Fp3)
before: ((!p3U(p0&!p3))|G!p3) random: 1 after: ((!p3U(p0&!p3))&G!p3)
before: ((!p5U(p2&!p5))|G!p5) random: 3 after: G((!p5U(p2&!p5))|G!p5)
before: G!p5 random: 4 after: false
before: G(!p1|Fp4) random: 3 after: false
before: G!p4 random: 1 after: false
before: G(!p1|Fp4) random: 2 after: false
before: true random: 0 after: false
before: true random: 0 after: false
..s0,76 -1.0 +1.0 .s0,76 -1.0 +1.0 .s0,76 -1.0 +1.0 .s0,76 -1.0 +1.0 .s0,70 -1.0 +1.0 .s0,75 -1.0 +1.0 .s0,76 -1.0 +1.0 .s0,77 -1.0 +1.0 .s0,78 -1.0 +1.0 .s0,74 -1.0 +1.0 .s0,74 -1.0 +1.0 .s0,76 -1.0 +1.0 .s0,76 -1.0 +1.0 .s0,76 -1.0 +1.0 .s0,75 -1.0 +1.0 .s0,76 -1.0 +1.0 .s0,78 -1.0 +1.0 .s0,74 -1.0 +1.0 .s0,76 -1.0 +1.0 .s0,76 -1.0 +1.0 .s0,76 -1.0 +1.0 .s0,76 -1.0 +1.0 .s0,78 .s0,79 -1.0 +1.0 .s0,76 -1.0 +1.0 .s0,76 -1.0 +1.0 .s0,76 -1.0 +1.0 .s0,75 -1.0 +1.0 .s0,82 -1.0 +1.0 .s0,76 -1.0 +1.0 .s0,78 -1.0 +1.0 .s0,76 -1.0 +1.0 .s0,76 -1.0 +1.0 .s0,54 -1.0 +1.0 .s0,74 -1.0 +1.0 .s0,76 -1.0 +1.0 .s0,76 -1.0 +1.0 .s0,74 -1.0 +1.0 .s0,75 -1.0 +1.0 .s0,76 -1.0 +1.0 .s0,76 -1.0 +1.0 .s0,74 .s0,76 -1.0 +1.0 .s0,76 -1.0 +1.0 .s0,76 -1.0 +1.0 .s0,76 -1.0 +1.0 .s0,78 .s0,76 -1.0 +1.0 .s0,76 -1.0 +1.0 .s0,76 -1.0 +1.0 .s0,76 -1.0 +1.0 .s0,76 -1.0 +1.0 .s0,84 -1.0 +1.0 .s0,77 -1.0 +1.0 .s0,76 -1.0 +1.0 .s0,76 -1.0 +1.0 .s0,77 -1.0 +1.0 .s0,76 -1.0 +1.0 .s0,82 -1.0 +1.0 .s0,76 -1.0 +1.0 .s0,74 -1.0 +1.0 .s0,76 -1.0 +1.0 .s0,76 -1.0 +1.0 .s0,76 -1.0 +1.0 .s0,81 -1.0 +1.0 .s0,78 -1.0 +1.0 .s0,76 -1.0 +1.0 .s0,74 -1.0 +1.0 .s0,75 -1.0 +1.0 .s0,76 -1.0 +1.0 .s0,78 .s0,76 -1.0 +1.0 .s0,76 -1.0 +1.0 .s0,82 -1.0 +1.0 .s0,76 -1.0 +1.0 .s0,76 -1.0 +1.0 .s0,76 -1.0 +1.0 .s0,76 -1.0 +1.0 .s0,78 -1.0 +1.0 .s0,77 -1.0 +1.0 .s0,76 -1.0 +1.0 .s0,76 -1.0 +1.0 .s0,76 -1.0 +1.0 .s0,76 -1.0 +1.0 .s0,67 -1.0 +1.0 .s0,76 -1.0 +1.0 .s0,80 -1.0 +1.0 .s0,76 -1.0 +1.0 .s0,76 -1.0 +1.0 .s0,78 -1.0 +1.0 .s0,71 -1.0 +1.0 .s0,76 -1.0 +1.0 .s0,82 -1.0 +1.0 .s0,76 -1.0 +1.0 .s0,82 .s0,76 -1.0 +1.0 .s0,89 -1.0 +1.0 .s0,76 -1.0 +1.0 .s0,76 -1.0 +1.0 .s0,76 -1.0 +1.0 .s0,76 -1.0 +1.0 .s0,76 -1.0 +1.0 .s0,78 -1.0 +1.0 .s0,76 -1.0 +1.0 .s0,76 -1.0 +1.0 .s0,76 -1.0 +1.0 .s0,75 -1.0 +1.0 .s0,76 -1.0 +1.0 .s0,76 -1.0 +1.0 .s0,76 -1.0 +1.0 .s0,76 -1.0 +1.0 .s0,77 -1.0 +1.0 .s0,76 -1.0 +1.0 .s0,79 -1.0 +1.0 .s0,74 -1.0 +1.0 .s0,76 -1.0 +1.0 .s0,76 -1.0 +1.0 .s0,76 -1.0 +1.0 .s0,82 -1.0 +1.0 .s0,75 -1.0 +1.0 .s0,77 -1.0 +1.0 .s0,76 -1.0 +1.0 .s0,76 -1.0 +1.0 .s0,74 -1.0 +1.0 .s0,77 -1.0 +1.0 .s0,76 -1.0 +1.0 .s0,75 -1.0 +1.0 .s0,76 -1.0 +1.0 .s0,76 -1.0 +1.0 .s0,76 -1.0 +1.0 .s0,76 -1.0 +1.0 .s0,77 .s0,76 -1.0 +1.0 .s0,74 -1.0 +1.0 .s0,74 -1.0 +1.0 .s0,78 .s0,76 -1.0 +1.0 .s0,74 -1.0 +1.0 .s0,76 -1.0 +1.0 .s0,76 -1.0 +1.0 .s0,76 -1.0 +1.0 .s0,78 .s0,74 -1.0 +1.0 .s0,74 -1.0 +1.0 .s0,76 -1.0 +1.0 .s0,76 -1.0 +1.0 .s0,76 -1.0 +1.0 .s0,76 -1.0 +1.0 .s0,74 -1.0 +1.0 .s0,76 -1.0 +1.0 .s0,76 -1.0 +1.0 .s0,76 -1.0 +1.0 .s0,76 -1.0 +1.0 .s0,76 -1.0 +1.0 .s0,76 -1.0 +1.0 .s0,76 -1.0 +1.0 .s0,76 -1.0 +1.0 .s0,74 -1.0 +1.0 .s0,76 -1.0 +1.0 .s0,74 -1.0 +1.0 .s0,76 -1.0 +1.0 .s0,76 -1.0 +1.0 .s0,76 -1.0 +1.0 .s0,76 -1.0 +1.0 .s0,76 -1.0 +1.0 .s0,76 -1.0 +1.0 .s0,82 -1.0 +1.0 .s0,79 -1.0 +1.0 .s0,76 -1.0 +1.0 .s0,76 -1.0 +1.0 .s0,74 -1.0 +1.0 .s0,74 -1.0 +1.0 .s0,74 -1.0 +1.0 .s0,78 .s0,76 -1.0 +1.0 .s0,76 -1.0 +1.0 .s0,76 .s0,74 -1.0 +1.0 .s0,76 -1.0 +1.0 .s0,76 -1.0 +1.0 .s0,74 -1.0 +1.0 .s0,76 -1.0 +1.0 .s0,74 -1.0 +1.0 .s0,76 -1.0 +1.0 .s0,75 -1.0 +1.0 .s0,76 -1.0 +1.0 .s0,74 -1.0 +1.0 .s0,74 -1.0 +1.0 .s0,74 -1.0 +1.0 .s0,70 -1.0 +1.0 .s0,76 -1.0 +1.0 .s0,77 .s0,74 -1.0 +1.0 .s0,76 -1.0 +1.0 .s0,78 -1.0 +1.0 .s0,76 -1.0 +1.0 .s0,70 -1.0 +1.0 .s0,76 -1.0 +1.0 .s0,74 -1.0 +1.0 .s0,76 -1.0 +1.0 .s0,74 -1.0 +1.0 .s0,76 -1.0 +1.0 .s0,76 -1.0 +1.0 .s0,74 -1.0 +1.0 .s0,74 -1.0 +1.0 .s0,76 -1.0 +1.0 .s0,76 -1.0 +1.0 .s0,76 -1.0 +1.0 .s0,74 -1.0 +1.0 .s0,74 -1.0 +1.0 .s0,76 -1.0 +1.0 .s0,76 -1.0 +1.0 .s0,76 -1.0 +1.0 .s0,76 -1.0 +1.0 .s0,76 -1.0 +1.0 .s0,76 -1.0 +1.0 .s0,77 -1.0 +1.0 .s0,77 -1.0 +1.0 .s0,76 -1.0 +1.0 .s0,78 -1.0 +1.0 .s0,76 -1.0 +1.0 Realizable Specifications:

Solution N: 0	Fitness: 0,99
INFO {
  TITLE:       "Full Arbiter, unrealizable variant 1"
  DESCRIPTION: "Parameterized Arbiter, where no spurious grants are allowed"
  SEMANTICS:   Mealy
  TARGET:   Mealy
}

MAIN {
  INPUTS {
    r_0;r_1;r_2;
  }
  OUTPUTS {
    g_0;g_1;g_2;
  }

  ASSERT {
    (!g_0 ||  F (r_0) ||  F (!g_0));
    (!g_0 ||  X ((r_0 || g_0)) ||  X (( G (!g_0) || ((!g_0)  U  ((r_0 && !g_0))))));
    (!g_1 ||  F (r_1) ||  F (!g_1));
    (!g_1 ||  X ((r_1 || g_1)) ||  X (( G (!g_1) || ((!g_1)  U  ((r_1 && !g_1))))));
    (!g_2 ||  F (r_2) ||  F (!g_2));
    (!g_2 ||  X ((r_2 || g_2)) ||  X (( G (!g_2) || ((!g_2)  U  ((r_2 && !g_2))))));
    ((!g_0 && !g_1) || (!g_2 && (!g_0 || !g_1)));
    (!r_0 ||  X (!r_1) ||  X ( X ( X ( X ((g_0 && g_1))))));
    (!r_0 ||  X (!r_2) ||  X ( X ( X ( X ((g_0 && g_2))))));
    (!r_1 ||  X (!r_2) ||  X ( X ( X ( X ((g_1 && g_2))))));
  }

  ASSUMPTIONS {
    !g_1;
  }

  GUARANTEES {
    ( G (!g_0) || ((!g_0)  U  ((r_0 && !g_0))));
     G ((!r_0 ||  F (g_0)));
    ( G (!g_1) || ((!g_1)  U  ((r_1 && !g_1))));
     G ((!r_1 ||  F (g_1)));
    ( G (!g_2) || ((!g_2)  U  ((r_2 && !g_2))));
     G ((!r_2 ||  F (g_2)));
  }
}

Solution N: 1	Fitness: 0,99
INFO {
  TITLE:       "Full Arbiter, unrealizable variant 1"
  DESCRIPTION: "Parameterized Arbiter, where no spurious grants are allowed"
  SEMANTICS:   Mealy
  TARGET:   Mealy
}

MAIN {
  INPUTS {
    r_0;r_1;r_2;
  }
  OUTPUTS {
    g_0;g_1;g_2;
  }

  ASSERT {
    (!g_0 ||  F (r_0) ||  F (!g_0));
    (!g_0 ||  X ((r_0 || g_0)) ||  X (( G (!g_0) || ((!g_0)  U  ((r_0 && !g_0))))));
    (!g_1 ||  F (r_1) ||  F (!g_1));
    (!g_1 ||  X ((r_1 || g_1)) ||  X (( G (!g_1) || ((!g_1)  U  ((r_1 && !g_1))))));
    (!g_2 ||  F (r_2) ||  F (!g_2));
    (!g_2 ||  X ((r_2 || g_2)) ||  X (( G (!g_2) || ((!g_2)  U  ((r_2 && !g_2))))));
    ((!g_0 && !g_1) || (!g_2 && (!g_0 || !g_1)));
    (!r_0 ||  X (!r_1) ||  X ( X ( X ( X ((g_0 && g_1))))));
    (!r_0 ||  X (!r_2) ||  X ( X ( X ( X ((g_0 && g_2))))));
    (!r_1 ||  X (!r_2) ||  X ( X ( X ( X ((g_1 && g_2))))));
  }

  ASSUMPTIONS {
    g_0;
  }

  GUARANTEES {
    ( G (!g_0) || ((!g_0)  U  ((r_0 && !g_0))));
     G ((!r_0 ||  F (g_0)));
    ( G (!g_1) || ((!g_1)  U  ((r_1 && !g_1))));
     G ((!r_1 ||  F (g_1)));
    ( G (!g_2) || ((!g_2)  U  ((r_2 && !g_2))));
     G ((!r_2 ||  F (g_2)));
  }
}

Solution N: 2	Fitness: 0,99
INFO {
  TITLE:       "Full Arbiter, unrealizable variant 1"
  DESCRIPTION: "Parameterized Arbiter, where no spurious grants are allowed"
  SEMANTICS:   Mealy
  TARGET:   Mealy
}

MAIN {
  INPUTS {
    r_0;r_1;r_2;
  }
  OUTPUTS {
    g_0;g_1;g_2;
  }

  ASSERT {
    (!g_0 ||  F (r_0) ||  F (!g_0));
    (!g_0 ||  X ((r_0 || g_0)) ||  X (( G (!g_0) || ((!g_0)  U  ((r_0 && !g_0))))));
    (!g_1 ||  F (r_1) ||  F (!g_1));
    (!g_1 ||  X ((r_1 || g_1)) ||  X (( G (!g_1) || ((!g_1)  U  ((r_1 && !g_1))))));
    (!g_2 ||  F (r_2) ||  F (!g_2));
    (!g_2 ||  X ((r_2 || g_2)) ||  X (( G (!g_2) || ((!g_2)  U  ((r_2 && !g_2))))));
    ((!g_0 && !g_1) || (!g_2 && (!g_0 || !g_1)));
    (!r_0 ||  X (!r_1) ||  X ( X ( X ( X ((g_0 && g_1))))));
    (!r_0 ||  X (!r_2) ||  X ( X ( X ( X ((g_0 && g_2))))));
    (!r_1 ||  X (!r_2) ||  X ( X ( X ( X ((g_1 && g_2))))));
  }

  ASSUMPTIONS {
    g_0;
  }

  GUARANTEES {
    ( G (!g_0) || ((!g_0)  U  ((r_0 && !g_0))));
     G ((!r_0 ||  F (g_0)));
    ( G (!g_1) || ((!g_1)  U  ((r_1 && !g_1))));
     G ((!r_1 ||  F (g_1)));
    ( G (!g_2) || ((!g_2)  U  ((r_2 && !g_2))));
     G ((!r_2 ||  F (g_2)));
  }
}

Solution N: 3	Fitness: 0,99
INFO {
  TITLE:       "Full Arbiter, unrealizable variant 1"
  DESCRIPTION: "Parameterized Arbiter, where no spurious grants are allowed"
  SEMANTICS:   Mealy
  TARGET:   Mealy
}

MAIN {
  INPUTS {
    r_0;r_1;r_2;
  }
  OUTPUTS {
    g_0;g_1;g_2;
  }

  ASSERT {
    (!g_0 ||  F (r_0) ||  F (!g_0));
    (!g_0 ||  X ((r_0 || g_0)) ||  X (( G (!g_0) || ((!g_0)  U  ((r_0 && !g_0))))));
    (!g_1 ||  F (r_1) ||  F (!g_1));
    (!g_1 ||  X ((r_1 || g_1)) ||  X (( G (!g_1) || ((!g_1)  U  ((r_1 && !g_1))))));
    (!g_2 ||  F (r_2) ||  F (!g_2));
    (!g_2 ||  X ((r_2 || g_2)) ||  X (( G (!g_2) || ((!g_2)  U  ((r_2 && !g_2))))));
    ((!g_0 && !g_1) || (!g_2 && (!g_0 || !g_1)));
    (!r_0 ||  X (!r_1) ||  X ( X ( X ( X ((g_0 && g_1))))));
    (!r_0 ||  X (!r_2) ||  X ( X ( X ( X ((g_0 && g_2))))));
    (!r_1 ||  X (!r_2) ||  X ( X ( X ( X ((g_1 && g_2))))));
  }

  ASSUMPTIONS {
    !g_2;
  }

  GUARANTEES {
    ( G (!g_0) || ((!g_0)  U  ((r_0 && !g_0))));
     G ((!r_0 ||  F (g_0)));
    ( G (!g_1) || ((!g_1)  U  ((r_1 && !g_1))));
     G ((!r_1 ||  F (g_1)));
    ( G (!g_2) || ((!g_2)  U  ((r_2 && !g_2))));
     G ((!r_2 ||  F (g_2)));
  }
}

Solution N: 4	Fitness: 0,99
INFO {
  TITLE:       "Full Arbiter, unrealizable variant 1"
  DESCRIPTION: "Parameterized Arbiter, where no spurious grants are allowed"
  SEMANTICS:   Mealy
  TARGET:   Mealy
}

MAIN {
  INPUTS {
    r_0;r_1;r_2;
  }
  OUTPUTS {
    g_0;g_1;g_2;
  }

  ASSERT {
    (!g_0 ||  F (r_0) ||  F (!g_0));
    (!g_0 ||  X ((r_0 || g_0)) ||  X (( G (!g_0) || ((!g_0)  U  ((r_0 && !g_0))))));
    (!g_1 ||  F (r_1) ||  F (!g_1));
    (!g_1 ||  X ((r_1 || g_1)) ||  X (( G (!g_1) || ((!g_1)  U  ((r_1 && !g_1))))));
    (!g_2 ||  F (r_2) ||  F (!g_2));
    (!g_2 ||  X ((r_2 || g_2)) ||  X (( G (!g_2) || ((!g_2)  U  ((r_2 && !g_2))))));
    ((!g_0 && !g_1) || (!g_2 && (!g_0 || !g_1)));
    (!r_0 ||  X (!r_1) ||  X ( X ( X ( X ((g_0 && g_1))))));
    (!r_0 ||  X (!r_2) ||  X ( X ( X ( X ((g_0 && g_2))))));
    (!r_1 ||  X (!r_2) ||  X ( X ( X ( X ((g_1 && g_2))))));
  }

  ASSUMPTIONS {
    g_0;
  }

  GUARANTEES {
    ( G (!g_0) || ((!g_0)  U  ((r_0 && !g_0))));
     G ((!r_0 ||  F (g_0)));
    ( G (!g_1) || ((!g_1)  U  ((r_1 && !g_1))));
     G ((!r_1 ||  F (g_1)));
    ( G (!g_2) || ((!g_2)  U  ((r_2 && !g_2))));
     G ((!r_2 ||  F (g_2)));
  }
}

Solution N: 5	Fitness: 0,99
INFO {
  TITLE:       "Full Arbiter, unrealizable variant 1"
  DESCRIPTION: "Parameterized Arbiter, where no spurious grants are allowed"
  SEMANTICS:   Mealy
  TARGET:   Mealy
}

MAIN {
  INPUTS {
    r_0;r_1;r_2;
  }
  OUTPUTS {
    g_0;g_1;g_2;
  }

  ASSERT {
    (!g_0 ||  F (r_0) ||  F (!g_0));
    (!g_0 ||  X ((r_0 || g_0)) ||  X (( G (!g_0) || ((!g_0)  U  ((r_0 && !g_0))))));
    (!g_1 ||  F (r_1) ||  F (!g_1));
    (!g_1 ||  X ((r_1 || g_1)) ||  X (( G (!g_1) || ((!g_1)  U  ((r_1 && !g_1))))));
    (!g_2 ||  F (r_2) ||  F (!g_2));
    (!g_2 ||  X ((r_2 || g_2)) ||  X (( G (!g_2) || ((!g_2)  U  ((r_2 && !g_2))))));
    ((!g_0 && !g_1) || (!g_2 && (!g_0 || !g_1)));
    (!r_0 ||  X (!r_1) ||  X ( X ( X ( X ((g_0 && g_1))))));
    (!r_0 ||  X (!r_2) ||  X ( X ( X ( X ((g_0 && g_2))))));
    (!r_1 ||  X (!r_2) ||  X ( X ( X ( X ((g_1 && g_2))))));
  }

  ASSUMPTIONS {
    g_0;
  }

  GUARANTEES {
    ( G (!g_0) || ((!g_0)  U  ((r_0 && !g_0))));
     G ((!r_0 ||  F (g_0)));
    ( G (!g_1) || ((!g_1)  U  ((r_1 && !g_1))));
     G ((!r_1 ||  F (g_1)));
    ( G (!g_2) || ((!g_2)  U  ((r_2 && !g_2))));
     G ((!r_2 ||  F (g_2)));
  }
}

Solution N: 6	Fitness: 0,99
INFO {
  TITLE:       "Full Arbiter, unrealizable variant 1"
  DESCRIPTION: "Parameterized Arbiter, where no spurious grants are allowed"
  SEMANTICS:   Mealy
  TARGET:   Mealy
}

MAIN {
  INPUTS {
    r_0;r_1;r_2;
  }
  OUTPUTS {
    g_0;g_1;g_2;
  }

  ASSERT {
    (!g_0 ||  F (r_0) ||  F (!g_0));
    (!g_0 ||  X ((r_0 || g_0)) ||  X (( G (!g_0) || ((!g_0)  U  ((r_0 && !g_0))))));
    (!g_1 ||  F (r_1) ||  F (!g_1));
    (!g_1 ||  X ((r_1 || g_1)) ||  X (( G (!g_1) || ((!g_1)  U  ((r_1 && !g_1))))));
    (!g_2 ||  F (r_2) ||  F (!g_2));
    (!g_2 ||  X ((r_2 || g_2)) ||  X (( G (!g_2) || ((!g_2)  U  ((r_2 && !g_2))))));
    ((!g_0 && !g_1) || (!g_2 && (!g_0 || !g_1)));
    (!r_0 ||  X (!r_1) ||  X ( X ( X ( X ((g_0 && g_1))))));
    (!r_0 ||  X (!r_2) ||  X ( X ( X ( X ((g_0 && g_2))))));
    (!r_1 ||  X (!r_2) ||  X ( X ( X ( X ((g_1 && g_2))))));
  }

  ASSUMPTIONS {
    g_1;
  }

  GUARANTEES {
    ( G (!g_0) || ((!g_0)  U  ((r_0 && !g_0))));
     G ((!r_0 ||  F (g_0)));
    ( G (!g_1) || ((!g_1)  U  ((r_1 && !g_1))));
     G ((!r_1 ||  F (g_1)));
    ( G (!g_2) || ((!g_2)  U  ((r_2 && !g_2))));
     G ((!r_2 ||  F (g_2)));
  }
}

Solution N: 7	Fitness: 0,99
INFO {
  TITLE:       "Full Arbiter, unrealizable variant 1"
  DESCRIPTION: "Parameterized Arbiter, where no spurious grants are allowed"
  SEMANTICS:   Mealy
  TARGET:   Mealy
}

MAIN {
  INPUTS {
    r_0;r_1;r_2;
  }
  OUTPUTS {
    g_0;g_1;g_2;
  }

  ASSERT {
    (!g_0 ||  F (r_0) ||  F (!g_0));
    (!g_0 ||  X ((r_0 || g_0)) ||  X (( G (!g_0) || ((!g_0)  U  ((r_0 && !g_0))))));
    (!g_1 ||  F (r_1) ||  F (!g_1));
    (!g_1 ||  X ((r_1 || g_1)) ||  X (( G (!g_1) || ((!g_1)  U  ((r_1 && !g_1))))));
    (!g_2 ||  F (r_2) ||  F (!g_2));
    (!g_2 ||  X ((r_2 || g_2)) ||  X (( G (!g_2) || ((!g_2)  U  ((r_2 && !g_2))))));
    ((!g_0 && !g_1) || (!g_2 && (!g_0 || !g_1)));
    (!r_0 ||  X (!r_1) ||  X ( X ( X ( X ((g_0 && g_1))))));
    (!r_0 ||  X (!r_2) ||  X ( X ( X ( X ((g_0 && g_2))))));
    (!r_1 ||  X (!r_2) ||  X ( X ( X ( X ((g_1 && g_2))))));
  }

  ASSUMPTIONS {
    !g_1;
  }

  GUARANTEES {
    ( G (!g_0) || ((!g_0)  U  ((r_0 && !g_0))));
     G ((!r_0 ||  F (g_0)));
    ( G (!g_1) || ((!g_1)  U  ((r_1 && !g_1))));
     G ((!r_1 ||  F (g_1)));
    ( G (!g_2) || ((!g_2)  U  ((r_2 && !g_2))));
     G ((!r_2 ||  F (g_2)));
  }
}

Solution N: 8	Fitness: 0,99
INFO {
  TITLE:       "Full Arbiter, unrealizable variant 1"
  DESCRIPTION: "Parameterized Arbiter, where no spurious grants are allowed"
  SEMANTICS:   Mealy
  TARGET:   Mealy
}

MAIN {
  INPUTS {
    r_0;r_1;r_2;
  }
  OUTPUTS {
    g_0;g_1;g_2;
  }

  ASSERT {
    (!g_0 ||  F (r_0) ||  F (!g_0));
    (!g_0 ||  X ((r_0 || g_0)) ||  X (( G (!g_0) || ((!g_0)  U  ((r_0 && !g_0))))));
    (!g_1 ||  F (r_1) ||  F (!g_1));
    (!g_1 ||  X ((r_1 || g_1)) ||  X (( G (!g_1) || ((!g_1)  U  ((r_1 && !g_1))))));
    (!g_2 ||  F (r_2) ||  F (!g_2));
    (!g_2 ||  X ((r_2 || g_2)) ||  X (( G (!g_2) || ((!g_2)  U  ((r_2 && !g_2))))));
    ((!g_0 && !g_1) || (!g_2 && (!g_0 || !g_1)));
    (!r_0 ||  X (!r_1) ||  X ( X ( X ( X ((g_0 && g_1))))));
    (!r_0 ||  X (!r_2) ||  X ( X ( X ( X ((g_0 && g_2))))));
    (!r_1 ||  X (!r_2) ||  X ( X ( X ( X ((g_1 && g_2))))));
  }

  ASSUMPTIONS {
    g_0;
  }

  GUARANTEES {
    ( G (!g_0) || ((!g_0)  U  ((r_0 && !g_0))));
     G ((!r_0 ||  F (g_0)));
    ( G (!g_1) || ((!g_1)  U  ((r_1 && !g_1))));
     G ((!r_1 ||  F (g_1)));
    ( G (!g_2) || ((!g_2)  U  ((r_2 && !g_2))));
     G ((!r_2 ||  F (g_2)));
  }
}

Solution N: 9	Fitness: 0,99
INFO {
  TITLE:       "Full Arbiter, unrealizable variant 1"
  DESCRIPTION: "Parameterized Arbiter, where no spurious grants are allowed"
  SEMANTICS:   Mealy
  TARGET:   Mealy
}

MAIN {
  INPUTS {
    r_0;r_1;r_2;
  }
  OUTPUTS {
    g_0;g_1;g_2;
  }

  ASSERT {
    (!g_0 ||  F (r_0) ||  F (!g_0));
    (!g_0 ||  X ((r_0 || g_0)) ||  X (( G (!g_0) || ((!g_0)  U  ((r_0 && !g_0))))));
    (!g_1 ||  F (r_1) ||  F (!g_1));
    (!g_1 ||  X ((r_1 || g_1)) ||  X (( G (!g_1) || ((!g_1)  U  ((r_1 && !g_1))))));
    (!g_2 ||  F (r_2) ||  F (!g_2));
    (!g_2 ||  X ((r_2 || g_2)) ||  X (( G (!g_2) || ((!g_2)  U  ((r_2 && !g_2))))));
    ((!g_0 && !g_1) || (!g_2 && (!g_0 || !g_1)));
    (!r_0 ||  X (!r_1) ||  X ( X ( X ( X ((g_0 && g_1))))));
    (!r_0 ||  X (!r_2) ||  X ( X ( X ( X ((g_0 && g_2))))));
    (!r_1 ||  X (!r_2) ||  X ( X ( X ( X ((g_1 && g_2))))));
  }

  ASSUMPTIONS {
    !g_1;
  }

  GUARANTEES {
    ( G (!g_0) || ((!g_0)  U  ((r_0 && !g_0))));
     G ((!r_0 ||  F (g_0)));
    ( G (!g_1) || ((!g_1)  U  ((r_1 && !g_1))));
     G ((!r_1 ||  F (g_1)));
    ( G (!g_2) || ((!g_2)  U  ((r_2 && !g_2))));
     G ((!r_2 ||  F (g_2)));
  }
}

Solution N: 10	Fitness: 0,99
INFO {
  TITLE:       "Full Arbiter, unrealizable variant 1"
  DESCRIPTION: "Parameterized Arbiter, where no spurious grants are allowed"
  SEMANTICS:   Mealy
  TARGET:   Mealy
}

MAIN {
  INPUTS {
    r_0;r_1;r_2;
  }
  OUTPUTS {
    g_0;g_1;g_2;
  }

  ASSERT {
    (!g_0 ||  F (r_0) ||  F (!g_0));
    (!g_0 ||  X ((r_0 || g_0)) ||  X (( G (!g_0) || ((!g_0)  U  ((r_0 && !g_0))))));
    (!g_1 ||  F (r_1) ||  F (!g_1));
    (!g_1 ||  X ((r_1 || g_1)) ||  X (( G (!g_1) || ((!g_1)  U  ((r_1 && !g_1))))));
    (!g_2 ||  F (r_2) ||  F (!g_2));
    (!g_2 ||  X ((r_2 || g_2)) ||  X (( G (!g_2) || ((!g_2)  U  ((r_2 && !g_2))))));
    ((!g_0 && !g_1) || (!g_2 && (!g_0 || !g_1)));
    (!r_0 ||  X (!r_1) ||  X ( X ( X ( X ((g_0 && g_1))))));
    (!r_0 ||  X (!r_2) ||  X ( X ( X ( X ((g_0 && g_2))))));
    (!r_1 ||  X (!r_2) ||  X ( X ( X ( X ((g_1 && g_2))))));
  }

  ASSUMPTIONS {
    g_0;
  }

  GUARANTEES {
    ( G (!g_0) || ((!g_0)  U  ((r_0 && !g_0))));
     G ((!r_0 ||  F (g_0)));
    ( G (!g_1) || ((!g_1)  U  ((r_1 && !g_1))));
     G ((!r_1 ||  F (g_1)));
    ( G (!g_2) || ((!g_2)  U  ((r_2 && !g_2))));
     G ((!r_2 ||  F (g_2)));
  }
}
Time: 16 m  6 s
GEN: 10, Pop:300 MR: 100, COR: 10
status: 0.75, lost0.1, won: 0.1, syn: 0.05
