0 67108864
1 67108864
2 89477120
3 null
4 null
5 null
6 null
7 89477120
8 67108864
9 89477120
10 null
11 89477120
12 67108864
13 33554432
14 44740608
15 67108864
16 33554432
17 67108864
18 44740608
19 33554432
20 null
21 null
22 89477120
23 67108864
24 89473536
25 67108864
26 89477120
27 80551632
28 89473536
29 44737536
30 83886080
31 null
32 null
33 33554432
34 100663296
35 89477120
36 89473536
37 44744192
38 100663296
39 89479168
40 34078720
41 100139008
42 67108864
43 33554432
44 null
45 67108864
46 89473536
47 100663296
48 100663296
49 null


