0 67108864
1 44740608
2 80551632
3 44740608
4 89461248
5 67108864
6 33554432
7 78295040
8 67108864
9 100663296
10 44740608
11 89477120
12 67108864
13 100139008
14 26885536
15 null
16 100663296
17 67108864
18 44740608
19 44740608
20 null
21 33554432
22 67108864
23 89477120
24 100663296
25 89477120
26 78295040
27 50331648
28 111847424
29 null
30 100663296
31 33554432
32 44744192
33 89477120
34 33554432
35 33554432
36 89477120
37 100663296
38 89461248
39 44744192
40 67108864
41 89473536
42 89479168
43 null
44 67108864
45 67108864
46 100139008
47 67108864
48 100663296
49 44738560


