0 1048320
1 1179648
2 1048320
3 393216
4 1032192
5 786432
6 1047680
7 393216
8 786432
9 393216
10 786432
11 873408
12 1548288
13 1047680
14 917760
15 1047680
16 525184
17 1047680
18 524544
19 786432
20 1047680
21 589824
22 786432
23 393216
24 1048320
25 1155072
26 1155072
27 786432
28 45056
29 525184
30 1047680
31 527232
32 370464
33 1048320
34 1179648
35 786432
36 262272
37 393216
38 393216
39 24576
40 1179648
41 786432
42 786432
43 1047680
44 1048320
45 786432
46 1179648
47 393216
48 393216
49 786432


