0 89477120
1 100663296
2 89477120
3 33554432
4 88080384
5 67108864
6 89473536
7 33554432
8 67108864
9 33554432
10 67108864
11 null
12 133693440
13 89473536
14 78295040
15 89473536
16 44744192
17 89473536
18 44740608
19 67108864
20 89473536
21 50331648
22 67108864
23 33554432
24 89477120
25 100139008
26 100139008
27 null
28 983040
29 44744192
30 89473536
31 44756480
32 null
33 89477120
34 100663296
35 67108864
36 22370304
37 33554432
38 33554432
39 524288
40 100663296
41 67108864
42 67108864
43 89473536
44 89477120
45 67108864
46 100663296
47 33554432
48 33554432
49 67108864


