0 null
1 33554432
2 33554432
3 null
4 26885536
5 0
6 88080384
7 33554432
8 117440512
9 100139008
10 67108864
11 89477120
12 89477120
13 44744192
14 null
15 null
16 78295040
17 44738560
18 89473536
19 89479168
20 67108864
21 33554432
22 33554432
23 null
24 44740608
25 89477120
26 null
27 67108864
28 null
29 89477120
30 33554432
31 44740608
32 100663296
33 89477120
34 26885536
35 22370304
36 null
37 33554432
38 33554432
39 89477120
40 89477120
41 89477120
42 50331648
43 null
44 78295040
45 100663296
46 44744192
47 89477120
48 67108864
49 89473536


