0 1179648
1 1179648
2 1032192
3 393216
4 1548288
5 945468
6 524160
7 786432
8 525184
9 1572864
10 786432
11 786432
12 525184
13 786432
14 786432
15 1048320
16 917760
17 524544
18 524544
19 786432
20 393216
21 525184
22 393216
23 1179648
24 1048320
25 524544
26 786432
27 524544
28 786432
29 524544
30 786432
31 393216
32 524544
33 786432
34 525184
35 1048320
36 1047680
37 1179648
38 1048320
39 786432
40 786432
41 786432
42 1179648
43 1179648
44 786432
45 1048320
46 1048320
47 393216
48 350592
49 1527808


