0 7158272000
1 5368709120
2 3579146240
3 2684354560
4 7158272000
5 null
6 5368709120
7 2684354560
8 7158272000
9 5368709120
10 5368709120
11 2684354560
12 5368709120
13 1789573120
14 3579146240
15 10726932480
16 3579164672
17 null
18 8053063680
19 7158272000
20 5368709120
21 3579164672
22 3579146240
23 5368709120
24 null
25 8947845120
26 7158253568
27 2684354560
28 2684354560
29 8053063680
30 3579146240
31 null
32 5368709120
33 8053063680
34 5368709120
35 5368709120
36 null
37 null
38 7158272000
39 5368709120
40 3579146240
41 2684354560
42 5368709120
43 8053063680
44 6263500800
45 3579146240
46 8053063680
47 3579164672
48 7158272000
49 null


