0 89477120
1 89477120
2 33554432
3 null
4 33554432
5 89477120
6 67108864
7 89461248
8 33554432
9 null
10 89477120
11 44744192
12 67108864
13 null
14 33554432
15 33554432
16 89477120
17 100139008
18 34078720
19 33554432
20 134217728
21 117440512
22 67108864
23 89477120
24 null
25 44740608
26 89477120
27 44740608
28 null
29 44740608
30 89477120
31 89477120
32 100663296
33 null
34 null
35 100663296
36 89473536
37 89477120
38 67108864
39 44740608
40 44740608
41 34078720
42 67108864
43 89477120
44 55922688
45 67108864
46 67108864
47 67108864
48 33554432
49 33554432


