0 805303296
1 805303296
2 301989888
3 null
4 301989888
5 805303296
6 603979776
7 805266432
8 301989888
9 null
10 805303296
11 402664448
12 603979776
13 null
14 301989888
15 301989888
16 805303296
17 903610368
18 304349184
19 301989888
20 1207959552
21 1056964608
22 603979776
23 805303296
24 null
25 402656256
26 805303296
27 402656256
28 null
29 402656256
30 805303296
31 805303296
32 905969664
33 null
34 null
35 905969664
36 805295104
37 805303296
38 603979776
39 402656256
40 402656256
41 304349184
42 603979776
43 805303296
44 503313408
45 603979776
46 603979776
47 603979776
48 301989888
49 301989888


