0 5368709120
1 3579146240
2 null
3 3579146240
4 7158188032
5 5368709120
6 2684354560
7 6263500800
8 5368709120
9 8053063680
10 3579146240
11 7158272000
12 5368709120
13 8042577920
14 null
15 null
16 8053063680
17 5368709120
18 3579146240
19 3579146240
20 null
21 2684354560
22 5368709120
23 7158272000
24 8053063680
25 7158272000
26 6263500800
27 4026531840
28 8947845120
29 null
30 8053063680
31 2684354560
32 3579164672
33 7158272000
34 2684354560
35 2684354560
36 7158272000
37 8053063680
38 7158188032
39 3579164672
40 5368709120
41 7158253568
42 7158282240
43 null
44 5368709120
45 5368709120
46 8042577920
47 5368709120
48 8053063680
49 3579136000


