0 7340032
1 4893952
2 8814162
3 4893952
4 9779456
5 7340032
6 3670016
7 8563968
8 7340032
9 11010048
10 4893952
11 9786112
12 7340032
13 10895360
14 2948260
15 null
16 11010048
17 7340032
18 4893952
19 4893952
20 null
21 3670016
22 7340032
23 9786112
24 11010048
25 9786112
26 8563968
27 5505024
28 12233088
29 9786112
30 11010048
31 3670016
32 4895488
33 9786112
34 3670016
35 3670016
36 9786112
37 11010048
38 9779456
39 4895488
40 7340032
41 9784576
42 9787008
43 null
44 7340032
45 7340032
46 10895360
47 7340032
48 11010048
49 4893056


