0 2684354560
1 7158272000
2 null
3 3579164672
4 8053063680
5 7158253568
6 3579146240
7 10717495296
8 7158253568
9 7158272000
10 5368709120
11 null
12 5368709120
13 3579146240
14 5368709120
15 8053063680
16 3579164672
17 7158272000
18 2684354560
19 8053063680
20 3579146240
21 3579146240
22 2684354560
23 8053063680
24 5368709120
25 null
26 7158272000
27 8053063680
28 2684354560
29 7158272000
30 3579164672
31 3579230208
32 null
33 8053063680
34 null
35 5368709120
36 3579146240
37 null
38 7158272000
39 8053063680
40 2684354560
41 3579146240
42 8053063680
43 2684354560
44 5368709120
45 2684354560
46 5368709120
47 3579136000
48 5368709120
49 5368709120


