0 null
1 402656256
2 603979776
3 603979776
4 null
5 402656256
6 805295104
7 301989888
8 503313408
9 603979776
10 905969664
11 483112962
12 301989888
13 905969664
14 603979776
15 805303296
16 402664448
17 402656256
18 402651648
19 603979776
20 1056964608
21 null
22 805307904
23 301989888
24 805303296
25 null
26 603979776
27 402656256
28 402693120
29 805303296
30 905969664
31 null
32 603979776
33 1205600256
34 301989888
35 603979776
36 805266432
37 704646144
38 905969664
39 805303296
40 905969664
41 805303296
42 301989888
43 402656256
44 201328128
45 402664448
46 805303296
47 603979776
48 805266432
49 402656256


