0 11010048
1 11010048
2 9633792
3 3670016
4 14565376
5 8814162
6 4893056
7 7340032
8 4895488
9 14680064
10 7340032
11 7340032
12 4895488
13 7340032
14 7340032
15 9786112
16 8563968
17 4893952
18 4893952
19 7340032
20 3670016
21 4895488
22 3670016
23 11010048
24 9786112
25 4893952
26 7340032
27 4893952
28 7340032
29 4893952
30 7340032
31 3670016
32 4893952
33 7340032
34 4895488
35 9786112
36 9784576
37 11010048
38 9786112
39 7340032
40 7340032
41 7340032
42 11010048
43 11010048
44 7340032
45 9786112
46 9786112
47 3670016
48 null
49 14467072


