0 1048320
1 786432
2 524544
3 393216
4 1048320
5 370464
6 786432
7 393216
8 1048320
9 786432
10 786432
11 393216
12 786432
13 262272
14 524544
15 1548288
16 525184
17 699456
18 1179648
19 1048320
20 786432
21 525184
22 524544
23 786432
24 655488
25 1310592
26 1047680
27 393216
28 393216
29 1179648
30 524544
31 674088
32 786432
33 1179648
34 786432
35 786432
36 1048320
37 null
38 1048320
39 786432
40 524544
41 393216
42 786432
43 1179648
44 917760
45 524544
46 1179648
47 525184
48 1048320
49 945468


