0 905969664
1 805303296
2 402651648
3 null
4 905969664
5 402656256
6 905969664
7 301989888
8 null
9 301989888
10 517696956
11 null
12 805303296
13 603979776
14 603979776
15 603979776
16 905969664
17 805295104
18 603979776
19 null
20 301989888
21 402656256
22 603979776
23 301989888
24 402656256
25 402656256
26 null
27 null
28 905969664
29 301989888
30 603979776
31 754974720
32 301989888
33 402693120
34 805295104
35 603979776
36 805295104
37 805295104
38 402664448
39 603979776
40 905969664
41 402693120
42 null
43 402656256
44 402656256
45 603979776
46 301989888
47 905969664
48 603979776
49 301989888


