0 100663296
1 89477120
2 44738560
3 null
4 100663296
5 44740608
6 100663296
7 33554432
8 null
9 33554432
10 57521888
11 null
12 89477120
13 67108864
14 67108864
15 67108864
16 100663296
17 89473536
18 67108864
19 null
20 33554432
21 44740608
22 67108864
23 33554432
24 44740608
25 44740608
26 null
27 null
28 100663296
29 33554432
30 67108864
31 83886080
32 33554432
33 44756480
34 89473536
35 67108864
36 89473536
37 89473536
38 44744192
39 67108864
40 100663296
41 44756480
42 null
43 44740608
44 44740608
45 67108864
46 33554432
47 100663296
48 67108864
49 33554432


