0 786432
1 393216
2 393216
3 1048320
4 318072
5 0
6 1032192
7 393216
8 1376256
9 1155072
10 786432
11 1048320
12 1048320
13 525184
14 524544
15 1048320
16 917760
17 524160
18 1047680
19 1048704
20 786432
21 393216
22 393216
23 655488
24 524544
25 1048320
26 873408
27 786432
28 732908
29 1048320
30 393216
31 524544
32 1179648
33 1048320
34 318072
35 262272
36 1048320
37 393216
38 393216
39 1048320
40 1048320
41 1048320
42 589824
43 611520
44 917760
45 1179648
46 525184
47 1048320
48 786432
49 1047680


