before: Fp3 random: 2 after: Gp3
before: true random: 1 after: p3
before: true random: 1 after: p1
before: !p0 random: 2 after: G!p0
before: (!p1|Fp4) random: 1 after: (!p1&Fp4)
before: true random: 0 after: false
before: true random: 1 after: p4
before: (G(!p0|Fp3)&G(!p1|Fp4)&G(!p2|Fp5)) random: 2 after: (G(!p0|Fp3)&G(!p1|Fp4)&G(!p2|Fp5))
before: true random: 0 after: false
before: true random: 1 after: !p1
before: true random: 1 after: !p4
before: true random: 1 after: p0
before: !p0 random: 0 after: false
before: G(!p1|Fp4) random: 2 after: false
before: Fp4 random: 1 after: G!p4
before: Fp5 random: 0 after: p5
before: (!p0|Fp3) random: 2 after: (!p0|Fp3)
before: p4 random: 3 after: p2
before: true random: 1 after: !p1
before: true random: 0 after: false
before: G(!p0|Fp3) random: 0 after: false
before: true random: 1 after: !p0
before: true random: 0 after: false
before: Fp3 random: 5 after: FGp3
before: (!p1|Fp4) random: 3 after: G(!p1|Fp4)
before: G(!p2|Fp5) random: 2 after: false
before: !p0 random: 0 after: false
before: p4 random: 2 after: Gp4
before: Fp4 random: 2 after: Xp4
before: (!p0|Fp3) random: 2 after: (!p0|Fp3)
before: G(!p0|Fp3) random: 2 after: false
before: p3 random: 2 after: Gp3
before: true random: 0 after: false
before: Fp4 random: 5 after: FGp4
before: true random: 1 after: !p4
before: true random: 0 after: false
before: true random: 0 after: false
before: true random: 1 after: !p0
before: true random: 1 after: p0
before: !p0 random: 0 after: false
before: Fp3 random: 3 after: Gp3
before: Fp5 random: 1 after: p5
before: p3 random: 2 after: !p3
before: true random: 1 after: p3
before: true random: 0 after: false
before: p5 random: 2 after: Gp5
before: true random: 1 after: !p4
before: (!p0|Fp3) random: 2 after: (!p0|Fp3)
before: p3 random: 0 after: true
before: (!p0|Fp3) random: 0 after: false
before: Fp4 random: 3 after: Gp4
before: (G(!p0|Fp3)&G(!p1|Fp4)&G(!p2|Fp5)) random: 3before: (!p0|Fp3) random: 1 after: (!p0&Fp3)
before: Fp5 random: 1 after: p5
before: true random: 0 after: false
before: true random: 0 after: false
before: true random: 0 after: false
before: !p0 random: 2 after: G!p0
before: G(!p1|Fp4) random: 2 after: false
before: true random: 1 after: p0
before: true random: 0 after: false
before: (!p0|Fp3) random: 3 after: (Fp3W!p0)
before: (!p1|Fp4) random: 0 after: (p1&G!p4)
before: p3 random: 3 after: p2
before: p4 random: 0 after: true
before: Fp4 random: 0 after: true
before: (!p1|Fp4) random: 2 after: (!p1|Fp4)
before: true random: 0 after: false
before: (!p2|Fp5) random: 0 after: (p2&G!p5)
before: G(!p2|Fp5) random: 2 after: (Fp5|F!p2)
before: true random: 1 after: p5
before: !p1 random: 2 after: G!p1
before: true random: 1 after: !p1
before: p4 random: 0 after: true
before: G(!p1|Fp4) random: 0 after: (!p1|Fp4)
before: (G(!p0|Fp3)&G(!p1|Fp4)&G(!p2|Fp5)) random: 2 after: (!p4&(!p1|Fp4)&G(!p2|Fp5)&G(!p0|Fp3))
before: (G(!p0|Fp3)&G(!p1|Fp4)&G(!p2|Fp5)) random: 0 after: false
before: (!p0|Fp3) random: 0 after: (p0&G!p3)
before: (G(!p0|Fp3)&G(!p1|Fp4)&G(!p2|Fp5)) random: 1 after: (G(!p0|Fp3)&G(!p1|Fp4)&G(!p2|Fp5))
before: !p0 random: 2 after: p0
before: (!p2|Fp5) random: 2 after: (Fp5|!p2|p1)
before: !p2 random: 3 after: p1
before: true random: 0 after: false
before: Fp3 random: 1 after: G!p3
before: Fp4 random: 1 after: G!p4
before: (!p1|Fp4) random: 1 after: (!p1&Fp4)
before: G(!p1|Fp4) random: 4 after: false
before: true random: 1 after: !p0
before: true random: 0 after: false
before: true random: 0 after: false
before: true random: 1 after: p4
before: true random: 1 after: !p3
before: true random: 1 after: p4
before: true random: 1 after: p4
before: true random: 0 after: false
before: p4 random: 3 after: p2
before: G(!p0|Fp3) random: 0 after: (!p0|Fp3)
before: !p0 random: 2 after: p0
before: true random: 0 after: false
before: Fp5 random: 3 after: Gp5
before: (!p0|Fp3) random: 1 after: (!p0&Fp3)
before: p4 random: 0 after: false
before: G(!p2|Fp5) random: 0 after: false
before: true random: 0 after: false
before: Fp3 random: 4 after: FXp3
before: (!p0|Fp3) random: 3 after: G(!p0|FXp3)
before: G(!p1|Fp4) random: 3 after: false
before: true random: 1 after: p0
before: true random: 1 after: p0
before: (!p0|Fp3) random: 2 after: (Fp3|!p5|!p0)
before: G(!p1|Fp4) random: 3 after: false
before: true random: 0 after: false
before: (!p2|Fp5) random: 1 after: (!p2|Fp5)
before: !p0 random: 1 after: false
before: true random: 1 after: p5
before: true random: 0 after: false
before: true random: 0 after: false
before: G(!p1|Fp4) random: 0 after: (!p1|Fp4)
before: !p0 random: 0 after: true
before: true random: 0 after: false
before: true random: 1 after: p2
before: (!p0|Fp3) random: 3 after: G(!p0|Fp3)
before: G(!p1|Fp4) random: 3 after: false
before: true random: 0 after: false
before: true random: 0 after: false
before: p5 random: 3 after: p0
before: true random: 0 after: false
before: G(!p2|Fp5) random: 0 after: (!p2|Fp5)
before: (!p2|Fp5) random: 2 after: (Fp5|!p2|p0)
before: (G(!p0|Fp3)&G(!p1|Fp4)&G(!p2|Fp5)) random: 0 after: (F(p1&G!p4)|F(p0&G!p3)|F(p2&G!p5&!p0))
before: (G(!p0|Fp3)&G(!p1|Fp4)&G(!p2|Fp5)) random: 0 after: false
before: !p0 random: 1 after: (!p0&p4)
before: G(!p0|Fp3) random: 1 after: ((G!p0&Gp4)|GFp3)
before: Fp5 random: 7 after: (p1Up5)
before: Fp3 random: 1 after: G!p3
before: !p1 random: 0 after: true
before: (!p2|Fp5) random: 2 after: (!p2|Fp5)
before: Fp3 random: 3 after: Gp3
before: p5 random: 2 after: Gp5
before: true random: 0 after: false
before: true random: 1 after: !p3
before: Fp5 random: 1 after: G!p5
..s0,96 -1.0 +1.0 .s0,98 -1.0 +1.0 .s1,00 -1.0 +1.0 .s1,00 -1.0 +1.0 .s0,96 -1.0 +1.0 .s0,91 -1.0 +1.0 .s1,00 -1.0 +1.0 .s1,00 -1.0 +1.0 .s1,00 -1.0 +1.0 .s0,98 -1.0 +1.0 .s1,00 -1.0 +1.0 .s0,98 -1.0 +1.0 .s0,98 -1.0 +1.0 .s0,98 -1.0 +1.0 .s1,00 -1.0 +1.0 .s0,98 -1.0 +1.0 .s1,00 -1.0 +1.0 .s1,00 -1.0 +1.0 .s1,00 -1.0 +1.0 .s1,00 -1.0 +1.0 .s0,96 -1.0 +1.0 .s1,00 -1.0 +1.0 .s1,00 -1.0 +1.0 .s0,96 -1.0 +1.0 .s0,94 -1.0 +1.0 .s1,00 -1.0 +1.0 .s0,96 -1.0 +1.0 .s0,96 -1.0 +1.0 .s1,00 -1.0 +1.0 .s1,00 -1.0 +1.0 .s0,96 -1.0 +1.0 .s1,00 -1.0 +1.0 .s0,92 -1.0 +1.0 .s1,00 -1.0 +1.0 .s1,00 -1.0 +1.0 .s0,98 -1.0 +1.0 .s0,96 -1.0 +1.0 .s0,91 -1.0 +1.0 .s0,91 -1.0 +1.0 .s0,96 -1.0 +1.0 .s1,00 -1.0 +1.0 .s0,96 -1.0 +1.0 .s0,98 -1.0 +1.0 .s1,00 -1.0 +1.0 .s1,00 -1.0 +1.0 .s0,98 -1.0 +1.0 .s1,00 -1.0 +1.0 .s0,92 -1.0 +1.0 .s1,00 -1.0 +1.0 .s0,91 -1.0 +1.0 .s1,00 -1.0 +1.0 .s1,00 -1.0 +1.0 .s0,96 -1.0 +1.0 .s0,96 -1.0 +1.0 .s0,96 -1.0 +1.0 .s1,00 -1.0 +1.0 .s1,00 -1.0 +1.0 .s1,00 -1.0 +1.0 .s0,96 -1.0 +1.0 .s0,96 -1.0 +1.0 .s0,98 -1.0 +1.0 .s0,96 -1.0 +1.0 .s0,92 -1.0 +1.0 .s1,00 -1.0 +1.0 .s1,00 -1.0 +1.0 .s0,91 -1.0 +1.0 .s0,91 -1.0 +1.0 .s0,91 -1.0 +1.0 .s1,00 -1.0 +1.0 .s0,96 -1.0 +1.0 .s0,98 -1.0 +1.0 .s0,96 -1.0 +1.0 .s1,00 -1.0 +1.0 .s0,91 -1.0 +1.0 .s0,96 -1.0 +1.0 .s0,98 -1.0 +1.0 .s1,00 -1.0 +1.0 .s1,00 -1.0 +1.0 .s1,00 -1.0 +1.0 .s1,00 -1.0 +1.0 .s1,00 -1.0 +1.0 .s0,81 -1.0 +1.0 .s1,00 -1.0 +1.0 .s1,00 -1.0 +1.0 .s1,00 -1.0 +1.0 .s0,81 -1.0 +1.0 .s0,96 -1.0 +1.0 .s0,98 -1.0 +1.0 .s1,00 -1.0 +1.0 .s1,00 -1.0 +1.0 .s0,91 -1.0 +1.0 .s0,92 -1.0 +1.0 .s1,00 -1.0 +1.0 .s0,98 -1.0 +1.0 .s1,00 -1.0 +1.0 .s1,00 -1.0 +1.0 .s0,91 -1.0 +1.0 .s0,91 -1.0 +1.0 .s0,98 -1.0 +1.0 .s0,98 -1.0 +1.0 .s0,91 -1.0 +1.0 .s1,00 -1.0 +1.0 .s0,98 -1.0 +1.0 .s1,00 -1.0 +1.0 .s0,96 -1.0 +1.0 .s1,00 -1.0 +1.0 .s0,96 -1.0 +1.0 .s0,91 -1.0 +1.0 .s0,91 -1.0 +1.0 .s1,00 -1.0 +1.0 .s0,96 -1.0 +1.0 .s1,00 -1.0 +1.0 .s1,00 -1.0 +1.0 .s1,00 -1.0 +1.0 .s1,00 -1.0 +1.0 .s1,00 -1.0 +1.0 .s0,89 -1.0 +1.0 .s0,92 -1.0 +1.0 .s1,00 -1.0 +1.0 .s0,96 -1.0 +1.0 .s1,00 -1.0 +1.0 .s0,98 -1.0 +1.0 .s1,00 -1.0 +1.0 .s0,91 -1.0 +1.0 .s1,00 -1.0 +1.0 .s1,00 -1.0 +1.0 .s0,96 -1.0 +1.0 .s1,00 -1.0 +1.0 .s0,96 -1.0 +1.0 .s1,00 -1.0 +1.0 .s0,96 -1.0 +1.0 .s1,00 -1.0 +1.0 .s0,91 -1.0 +1.0 .s0,98 -1.0 +1.0 .s0,98 -1.0 +1.0 .s0,98 -1.0 +1.0 .s1,00 -1.0 +1.0 .s1,00 -1.0 +1.0 .s1,00 -1.0 +1.0 .s0,92 -1.0 +1.0 .s0,91 -1.0 +1.0 .s0,98 -1.0 +1.0 .s0,96 -1.0 +1.0 .s1,00 -1.0 +1.0 .s0,91 -1.0 +1.0 .s0,96 -1.0 +1.0 .s1,00 -1.0 +1.0 .s0,98 -1.0 +1.0 .s0,91 -1.0 +1.0 .s1,00 -1.0 +1.0 .s0,96 -1.0 +1.0 .s0,96 -1.0 +1.0 .s1,00 -1.0 +1.0 .s1,00 -1.0 +1.0 .s1,00 -1.0 +1.0 .s0,98 -1.0 +1.0 .s0,91 -1.0 +1.0 .s1,00 -1.0 +1.0 .s1,00 -1.0 +1.0 .s0,81 -1.0 +1.0 .s0,94 -1.0 +1.0 .s0,96 -1.0 +1.0 .s1,00 -1.0 +1.0 .s1,00 -1.0 +1.0 .s1,00 -1.0 +1.0 .s1,00 -1.0 +1.0 Realizable Specifications:

Solution N: 0	Fitness: 1,00
INFO {
  TITLE:       "Simple Arbiter, unrealizable variant 2"
  DESCRIPTION: "Parameterized Arbiter, where each request has to be eventually granted"
  SEMANTICS:   Mealy
  TARGET:   Mealy
}

MAIN {
  INPUTS {
    r_0;r_1;r_2;
  }
  OUTPUTS {
    g_0;g_1;g_2;
  }

  ASSERT {
    ((!g_0 && !g_1) || (!g_2 && (!g_0 || !g_1)));
    (!r_0 ||  X (!r_1) ||  F ((g_0 && g_1)));
    (!r_0 ||  X (!r_2) ||  F ((g_0 && g_2)));
    (!r_1 ||  X (!r_2) ||  F ((g_1 && g_2)));
  }

  ASSUMPTIONS {
    !g_0;
  }

  GUARANTEES {
     G ((!r_0 ||  F (g_0)));
     G ((!r_1 ||  F (g_1)));
     G ((!r_2 ||  F (g_2)));
  }
}

Solution N: 1	Fitness: 1,00
INFO {
  TITLE:       "Simple Arbiter, unrealizable variant 2"
  DESCRIPTION: "Parameterized Arbiter, where each request has to be eventually granted"
  SEMANTICS:   Mealy
  TARGET:   Mealy
}

MAIN {
  INPUTS {
    r_0;r_1;r_2;
  }
  OUTPUTS {
    g_0;g_1;g_2;
  }

  ASSERT {
    ((!g_0 && !g_1) || (!g_2 && (!g_0 || !g_1)));
    (!r_0 ||  X (!r_1) ||  F ((g_0 && g_1)));
    (!r_0 ||  X (!r_2) ||  F ((g_0 && g_2)));
    (!r_1 ||  X (!r_2) ||  F ((g_1 && g_2)));
  }

  ASSUMPTIONS {
    g_2;
  }

  GUARANTEES {
     G ((!r_0 ||  F (g_0)));
     G ((!r_1 ||  F (g_1)));
     G ((!r_2 ||  F (g_2)));
  }
}

Solution N: 2	Fitness: 1,00
INFO {
  TITLE:       "Simple Arbiter, unrealizable variant 2"
  DESCRIPTION: "Parameterized Arbiter, where each request has to be eventually granted"
  SEMANTICS:   Mealy
  TARGET:   Mealy
}

MAIN {
  INPUTS {
    r_0;r_1;r_2;
  }
  OUTPUTS {
    g_0;g_1;g_2;
  }

  ASSERT {
    ((!g_0 && !g_1) || (!g_2 && (!g_0 || !g_1)));
    (!r_0 ||  X (!r_1) ||  F ((g_0 && g_1)));
    (!r_0 ||  X (!r_2) ||  F ((g_0 && g_2)));
    (!r_1 ||  X (!r_2) ||  F ((g_1 && g_2)));
  }

  ASSUMPTIONS {
    !g_1;
  }

  GUARANTEES {
     G ((!r_0 ||  F (g_0)));
     G ((!r_1 ||  F (g_1)));
     G ((!r_2 ||  F (g_2)));
  }
}

Solution N: 3	Fitness: 1,00
INFO {
  TITLE:       "Simple Arbiter, unrealizable variant 2"
  DESCRIPTION: "Parameterized Arbiter, where each request has to be eventually granted"
  SEMANTICS:   Mealy
  TARGET:   Mealy
}

MAIN {
  INPUTS {
    r_0;r_1;r_2;
  }
  OUTPUTS {
    g_0;g_1;g_2;
  }

  ASSERT {
    ((!g_0 && !g_1) || (!g_2 && (!g_0 || !g_1)));
    (!r_0 ||  X (!r_1) ||  F ((g_0 && g_1)));
    (!r_0 ||  X (!r_2) ||  F ((g_0 && g_2)));
    (!r_1 ||  X (!r_2) ||  F ((g_1 && g_2)));
  }

  ASSUMPTIONS {
    g_1;
  }

  GUARANTEES {
     G ((!r_0 ||  F (g_0)));
     G ((!r_1 ||  F (g_1)));
     G ((!r_2 ||  F (g_2)));
  }
}

Solution N: 4	Fitness: 1,00
INFO {
  TITLE:       "Simple Arbiter, unrealizable variant 2"
  DESCRIPTION: "Parameterized Arbiter, where each request has to be eventually granted"
  SEMANTICS:   Mealy
  TARGET:   Mealy
}

MAIN {
  INPUTS {
    r_0;r_1;r_2;
  }
  OUTPUTS {
    g_0;g_1;g_2;
  }

  ASSERT {
    ((!g_0 && !g_1) || (!g_2 && (!g_0 || !g_1)));
    (!r_0 ||  X (!r_1) ||  F ((g_0 && g_1)));
    (!r_0 ||  X (!r_2) ||  F ((g_0 && g_2)));
    (!r_1 ||  X (!r_2) ||  F ((g_1 && g_2)));
  }

  ASSUMPTIONS {
    !g_0;
  }

  GUARANTEES {
     G ((!r_0 ||  F (g_0)));
     G ((!r_1 ||  F (g_1)));
     G ((!r_2 ||  F (g_2)));
  }
}

Solution N: 5	Fitness: 1,00
INFO {
  TITLE:       "Simple Arbiter, unrealizable variant 2"
  DESCRIPTION: "Parameterized Arbiter, where each request has to be eventually granted"
  SEMANTICS:   Mealy
  TARGET:   Mealy
}

MAIN {
  INPUTS {
    r_0;r_1;r_2;
  }
  OUTPUTS {
    g_0;g_1;g_2;
  }

  ASSERT {
    ((!g_0 && !g_1) || (!g_2 && (!g_0 || !g_1)));
    (!r_0 ||  X (!r_1) ||  F ((g_0 && g_1)));
    (!r_0 ||  X (!r_2) ||  F ((g_0 && g_2)));
    (!r_1 ||  X (!r_2) ||  F ((g_1 && g_2)));
  }

  ASSUMPTIONS {
    g_1;
  }

  GUARANTEES {
     G ((!r_0 ||  F (g_0)));
     G ((!r_1 ||  F (g_1)));
     G ((!r_2 ||  F (g_2)));
  }
}

Solution N: 6	Fitness: 1,00
INFO {
  TITLE:       "Simple Arbiter, unrealizable variant 2"
  DESCRIPTION: "Parameterized Arbiter, where each request has to be eventually granted"
  SEMANTICS:   Mealy
  TARGET:   Mealy
}

MAIN {
  INPUTS {
    r_0;r_1;r_2;
  }
  OUTPUTS {
    g_0;g_1;g_2;
  }

  ASSERT {
    ((!g_0 && !g_1) || (!g_2 && (!g_0 || !g_1)));
    (!r_0 ||  X (!r_1) ||  F ((g_0 && g_1)));
    (!r_0 ||  X (!r_2) ||  F ((g_0 && g_2)));
    (!r_1 ||  X (!r_2) ||  F ((g_1 && g_2)));
  }

  ASSUMPTIONS {
    g_0;
  }

  GUARANTEES {
     G ((!r_0 ||  F (g_0)));
     G ((!r_1 ||  F (g_1)));
     G ((!r_2 ||  F (g_2)));
  }
}

Solution N: 7	Fitness: 1,00
INFO {
  TITLE:       "Simple Arbiter, unrealizable variant 2"
  DESCRIPTION: "Parameterized Arbiter, where each request has to be eventually granted"
  SEMANTICS:   Mealy
  TARGET:   Mealy
}

MAIN {
  INPUTS {
    r_0;r_1;r_2;
  }
  OUTPUTS {
    g_0;g_1;g_2;
  }

  ASSERT {
    ((!g_0 && !g_1) || (!g_2 && (!g_0 || !g_1)));
    (!r_0 ||  X (!r_1) ||  F ((g_0 && g_1)));
    (!r_0 ||  X (!r_2) ||  F ((g_0 && g_2)));
    (!r_1 ||  X (!r_2) ||  F ((g_1 && g_2)));
  }

  ASSUMPTIONS {
    !g_1;
  }

  GUARANTEES {
     G ((!r_0 ||  F (g_0)));
     G ((!r_1 ||  F (g_1)));
     G ((!r_2 ||  F (g_2)));
  }
}

Solution N: 8	Fitness: 1,00
INFO {
  TITLE:       "Simple Arbiter, unrealizable variant 2"
  DESCRIPTION: "Parameterized Arbiter, where each request has to be eventually granted"
  SEMANTICS:   Mealy
  TARGET:   Mealy
}

MAIN {
  INPUTS {
    r_0;r_1;r_2;
  }
  OUTPUTS {
    g_0;g_1;g_2;
  }

  ASSERT {
    ((!g_0 && !g_1) || (!g_2 && (!g_0 || !g_1)));
    (!r_0 ||  X (!r_1) ||  F ((g_0 && g_1)));
    (!r_0 ||  X (!r_2) ||  F ((g_0 && g_2)));
    (!r_1 ||  X (!r_2) ||  F ((g_1 && g_2)));
  }

  ASSUMPTIONS {
    g_1;
  }

  GUARANTEES {
     G ((!r_0 ||  F (g_0)));
     G ((!r_1 ||  F (g_1)));
     G ((!r_2 ||  F (g_2)));
  }
}

Solution N: 9	Fitness: 1,00
INFO {
  TITLE:       "Simple Arbiter, unrealizable variant 2"
  DESCRIPTION: "Parameterized Arbiter, where each request has to be eventually granted"
  SEMANTICS:   Mealy
  TARGET:   Mealy
}

MAIN {
  INPUTS {
    r_0;r_1;r_2;
  }
  OUTPUTS {
    g_0;g_1;g_2;
  }

  ASSERT {
    ((!g_0 && !g_1) || (!g_2 && (!g_0 || !g_1)));
    (!r_0 ||  X (!r_1) ||  F ((g_0 && g_1)));
    (!r_0 ||  X (!r_2) ||  F ((g_0 && g_2)));
    (!r_1 ||  X (!r_2) ||  F ((g_1 && g_2)));
  }

  ASSUMPTIONS {
    !g_1;
  }

  GUARANTEES {
     G ((!r_0 ||  F (g_0)));
     G ((!r_1 ||  F (g_1)));
     G ((!r_2 ||  F (g_2)));
  }
}

Solution N: 10	Fitness: 1,00
INFO {
  TITLE:       "Simple Arbiter, unrealizable variant 2"
  DESCRIPTION: "Parameterized Arbiter, where each request has to be eventually granted"
  SEMANTICS:   Mealy
  TARGET:   Mealy
}

MAIN {
  INPUTS {
    r_0;r_1;r_2;
  }
  OUTPUTS {
    g_0;g_1;g_2;
  }

  ASSERT {
    ((!g_0 && !g_1) || (!g_2 && (!g_0 || !g_1)));
    (!r_0 ||  X (!r_1) ||  F ((g_0 && g_1)));
    (!r_0 ||  X (!r_2) ||  F ((g_0 && g_2)));
    (!r_1 ||  X (!r_2) ||  F ((g_1 && g_2)));
  }

  ASSUMPTIONS {
    g_2;
  }

  GUARANTEES {
     G ((!r_0 ||  F (g_0)));
     G ((!r_1 ||  F (g_1)));
     G ((!r_2 ||  F (g_2)));
  }
}

Solution N: 11	Fitness: 1,00
INFO {
  TITLE:       "Simple Arbiter, unrealizable variant 2"
  DESCRIPTION: "Parameterized Arbiter, where each request has to be eventually granted"
  SEMANTICS:   Mealy
  TARGET:   Mealy
}

MAIN {
  INPUTS {
    r_0;r_1;r_2;
  }
  OUTPUTS {
    g_0;g_1;g_2;
  }

  ASSERT {
    ((!g_0 && !g_1) || (!g_2 && (!g_0 || !g_1)));
    (!r_0 ||  X (!r_1) ||  F ((g_0 && g_1)));
    (!r_0 ||  X (!r_2) ||  F ((g_0 && g_2)));
    (!r_1 ||  X (!r_2) ||  F ((g_1 && g_2)));
  }

  ASSUMPTIONS {
    g_1;
  }

  GUARANTEES {
     G ((!r_0 ||  F (g_0)));
     G ((!r_1 ||  F (g_1)));
     G ((!r_2 ||  F (g_2)));
  }
}

Solution N: 12	Fitness: 1,00
INFO {
  TITLE:       "Simple Arbiter, unrealizable variant 2"
  DESCRIPTION: "Parameterized Arbiter, where each request has to be eventually granted"
  SEMANTICS:   Mealy
  TARGET:   Mealy
}

MAIN {
  INPUTS {
    r_0;r_1;r_2;
  }
  OUTPUTS {
    g_0;g_1;g_2;
  }

  ASSERT {
    ((!g_0 && !g_1) || (!g_2 && (!g_0 || !g_1)));
    (!r_0 ||  X (!r_1) ||  F ((g_0 && g_1)));
    (!r_0 ||  X (!r_2) ||  F ((g_0 && g_2)));
    (!r_1 ||  X (!r_2) ||  F ((g_1 && g_2)));
  }

  ASSUMPTIONS {
    g_0;
  }

  GUARANTEES {
     G ((!r_0 ||  F (g_0)));
     G ((!r_1 ||  F (g_1)));
     G ((!r_2 ||  F (g_2)));
  }
}
Time: 7 m  54 s
GEN: 10, Pop:300 MR: 100, COR: 10
status: 0.75, lost0.1, won: 0.1, syn: 0.05
