0 9786112
1 4893952
2 7340032
3 7340032
4 null
5 4893952
6 9784576
7 3670016
8 6116096
9 7340032
10 11010048
11 5865902
12 3670016
13 11010048
14 7340032
15 9786112
16 4895488
17 4893952
18 4893056
19 7340032
20 12845056
21 4893952
22 9787008
23 3670016
24 9786112
25 null
26 7340032
27 4893952
28 4900608
29 9786112
30 11010048
31 8563072
32 7340032
33 14565376
34 3670016
35 7340032
36 9779456
37 8563968
38 11010048
39 9786112
40 11010048
41 9786112
42 3670016
43 4893952
44 2446976
45 4895488
46 9786112
47 7340032
48 9779456
49 4893952


