0 null
1 301989888
2 301989888
3 null
4 241733628
5 0
6 792723456
7 301989888
8 1056964608
9 903610368
10 603979776
11 805303296
12 805303296
13 402664448
14 null
15 null
16 704646144
17 402651648
18 805295104
19 805307904
20 603979776
21 301989888
22 301989888
23 null
24 402656256
25 805303296
26 null
27 603979776
28 null
29 805303296
30 301989888
31 402656256
32 905969664
33 805303296
34 241733628
35 201328128
36 null
37 301989888
38 301989888
39 805303296
40 805303296
41 805303296
42 452984832
43 null
44 704646144
45 905969664
46 402664448
47 805303296
48 603979776
49 805295104


