0 9786112
1 7340032
2 4893952
3 3670016
4 9786112
5 null
6 7340032
7 3670016
8 9786112
9 7340032
10 7340032
11 3670016
12 7340032
13 2446976
14 4893952
15 14565376
16 4895488
17 6525568
18 11010048
19 9786112
20 7340032
21 4895488
22 4893952
23 7340032
24 null
25 12233088
26 9784576
27 3670016
28 3670016
29 11010048
30 4893952
31 6291460
32 7340032
33 11010048
34 7340032
35 7340032
36 9786112
37 null
38 9786112
39 7340032
40 4893952
41 3670016
42 7340032
43 11010048
44 8563968
45 4893952
46 11010048
47 4895488
48 9786112
49 8814162


