0 805303296
1 905969664
2 805303296
3 301989888
4 792723456
5 603979776
6 805295104
7 301989888
8 603979776
9 301989888
10 603979776
11 null
12 1205600256
13 805295104
14 704646144
15 805295104
16 402664448
17 805295104
18 402656256
19 603979776
20 805295104
21 452984832
22 603979776
23 301989888
24 805303296
25 903610368
26 903610368
27 null
28 4456448
29 402664448
30 805295104
31 402693120
32 null
33 805303296
34 905969664
35 603979776
36 201328128
37 301989888
38 301989888
39 2359296
40 905969664
41 603979776
42 603979776
43 805295104
44 805303296
45 603979776
46 905969664
47 301989888
48 301989888
49 603979776


