0 null
1 44740608
2 67108864
3 67108864
4 null
5 44740608
6 89473536
7 33554432
8 55922688
9 67108864
10 100663296
11 53666096
12 33554432
13 100663296
14 67108864
15 89477120
16 44744192
17 44740608
18 44738560
19 67108864
20 117440512
21 null
22 89479168
23 33554432
24 89477120
25 null
26 67108864
27 44740608
28 44756480
29 89477120
30 100663296
31 null
32 67108864
33 133693440
34 33554432
35 67108864
36 89461248
37 78295040
38 100663296
39 89477120
40 100663296
41 89477120
42 33554432
43 44740608
44 22370304
45 44744192
46 89477120
47 67108864
48 89461248
49 44740608


