0 1048320
1 1048320
2 393216
3 1048320
4 393216
5 1048320
6 786432
7 1045632
8 393216
9 917376
10 1048320
11 525184
12 786432
13 786432
14 393216
15 393216
16 1048320
17 1155072
18 417792
19 393216
20 1572864
21 1376256
22 786432
23 1048320
24 1048320
25 524544
26 1048320
27 524544
28 1048320
29 524544
30 1048320
31 1048320
32 1179648
33 1048320
34 1048320
35 1179648
36 1047680
37 1048320
38 786432
39 524544
40 524544
41 417792
42 786432
43 1048320
44 655104
45 786432
46 786432
47 786432
48 393216
49 393216


