0 9786112
1 11010048
2 9786112
3 3670016
4 9633792
5 7340032
6 9784576
7 3670016
8 7340032
9 3670016
10 7340032
11 8154496
12 14565376
13 9784576
14 8563968
15 9784576
16 4895488
17 9784576
18 4893952
19 7340032
20 9784576
21 5505024
22 7340032
23 3670016
24 9786112
25 10895360
26 10895360
27 7340032
28 212992
29 4895488
30 9784576
31 4900608
32 null
33 9786112
34 11010048
35 7340032
36 2446976
37 3670016
38 3670016
39 114688
40 11010048
41 7340032
42 7340032
43 9784576
44 9786112
45 7340032
46 11010048
47 3670016
48 3670016
49 7340032


