0 9786112
1 9786112
2 3670016
3 9786112
4 3670016
5 9786112
6 7340032
7 9779456
8 3670016
9 8563072
10 9786112
11 4895488
12 7340032
13 7340032
14 3670016
15 3670016
16 9786112
17 10895360
18 3784704
19 3670016
20 14680064
21 12845056
22 7340032
23 9786112
24 9786112
25 4893952
26 9786112
27 4893952
28 null
29 4893952
30 9786112
31 9786112
32 11010048
33 null
34 null
35 11010048
36 9784576
37 9786112
38 7340032
39 4893952
40 4893952
41 3784704
42 7340032
43 9786112
44 6116096
45 7340032
46 7340032
47 7340032
48 3670016
49 3670016


