0 5368709120
1 5368709120
2 7158272000
3 null
4 null
5 null
6 null
7 7158272000
8 5368709120
9 7158272000
10 null
11 7158272000
12 5368709120
13 2684354560
14 3579146240
15 5368709120
16 2684354560
17 5368709120
18 3579146240
19 2684354560
20 null
21 null
22 7158272000
23 5368709120
24 7158253568
25 5368709120
26 7158272000
27 null
28 7158253568
29 3579129856
30 6710886400
31 null
32 null
33 2684354560
34 8053063680
35 7158272000
36 7158253568
37 3579164672
38 8053063680
39 7158282240
40 2694840320
41 8042577920
42 5368709120
43 2684354560
44 null
45 5368709120
46 7158253568
47 8053063680
48 8053063680
49 null


