0 11010048
1 9786112
2 4893056
3 6525568
4 11010048
5 4893952
6 11010048
7 3670016
8 4893952
9 3670016
10 6291460
11 null
12 9786112
13 7340032
14 7340032
15 7340032
16 11010048
17 9784576
18 7340032
19 null
20 3670016
21 4893952
22 7340032
23 3670016
24 4893952
25 4893952
26 null
27 null
28 11010048
29 3670016
30 7340032
31 9175040
32 3670016
33 4900608
34 9784576
35 7340032
36 9784576
37 9784576
38 4895488
39 7340032
40 11010048
41 4900608
42 8563072
43 4893952
44 4893952
45 7340032
46 3670016
47 11010048
48 7340032
49 3670016


