0 8053063680
1 7158272000
2 3579136000
3 null
4 8053063680
5 3579146240
6 8053063680
7 2684354560
8 null
9 2684354560
10 null
11 null
12 7158272000
13 5368709120
14 5368709120
15 5368709120
16 8053063680
17 7158253568
18 5368709120
19 null
20 2684354560
21 3579146240
22 5368709120
23 2684354560
24 3579146240
25 3579146240
26 null
27 null
28 8053063680
29 2684354560
30 5368709120
31 6710886400
32 2684354560
33 3579230208
34 7158253568
35 5368709120
36 7158253568
37 7158253568
38 3579164672
39 5368709120
40 8053063680
41 3579230208
42 null
43 3579146240
44 3579146240
45 5368709120
46 2684354560
47 8053063680
48 5368709120
49 2684354560


