0 603979776
1 402656256
2 724846590
3 402656256
4 805266432
5 603979776
6 301989888
7 704646144
8 603979776
9 905969664
10 402656256
11 805303296
12 603979776
13 903610368
14 241733628
15 null
16 905969664
17 603979776
18 402656256
19 402656256
20 null
21 301989888
22 603979776
23 805303296
24 905969664
25 805303296
26 704646144
27 452984832
28 1006631424
29 null
30 905969664
31 301989888
32 402664448
33 805303296
34 301989888
35 301989888
36 805303296
37 905969664
38 805266432
39 402664448
40 603979776
41 805295104
42 805307904
43 null
44 603979776
45 603979776
46 903610368
47 603979776
48 905969664
49 402651648


