0 786432
1 524544
2 945468
3 524544
4 1045632
5 786432
6 393216
7 917760
8 786432
9 1179648
10 524544
11 1048320
12 786432
13 1155072
14 318072
15 732908
16 1179648
17 786432
18 524544
19 524544
20 524544
21 393216
22 786432
23 1048320
24 1179648
25 1048320
26 917760
27 589824
28 1310592
29 1048320
30 1179648
31 393216
32 525184
33 1048320
34 393216
35 393216
36 1048320
37 1179648
38 1045632
39 525184
40 786432
41 1047680
42 1048704
43 1048320
44 786432
45 786432
46 1155072
47 786432
48 1179648
49 524160


